2020-May-30 17:57:04 pm [main] INFO  com.portfolio.api.PortfolioApplication - Starting PortfolioApplication on DESKTOP-4PS6C6T with PID 8288 (E:\protfolio\portfolio-api\target\classes started by jsprt in E:\protfolio\portfolio-api)
2020-May-30 17:57:04 pm [main] INFO  com.portfolio.api.PortfolioApplication - No active profile set, falling back to default profiles: default
2020-May-30 17:57:04 pm [main] INFO  org.springframework.data.repository.config.RepositoryConfigurationDelegate - Bootstrapping Spring Data JPA repositories in DEFAULT mode.
2020-May-30 17:57:05 pm [main] INFO  org.springframework.data.repository.config.RepositoryConfigurationDelegate - Finished Spring Data repository scanning in 72ms. Found 6 JPA repository interfaces.
2020-May-30 17:57:05 pm [main] INFO  org.springframework.boot.web.embedded.tomcat.TomcatWebServer - Tomcat initialized with port(s): 8080 (http)
2020-May-30 17:57:05 pm [main] INFO  org.apache.coyote.http11.Http11NioProtocol - Initializing ProtocolHandler ["http-nio-8080"]
2020-May-30 17:57:05 pm [main] INFO  org.apache.catalina.core.StandardService - Starting service [Tomcat]
2020-May-30 17:57:05 pm [main] INFO  org.apache.catalina.core.StandardEngine - Starting Servlet engine: [Apache Tomcat/9.0.33]
2020-May-30 17:57:05 pm [main] INFO  org.apache.catalina.core.ContainerBase.[Tomcat].[localhost].[/] - Initializing Spring embedded WebApplicationContext
2020-May-30 17:57:05 pm [main] INFO  org.springframework.web.context.ContextLoader - Root WebApplicationContext: initialization completed in 1470 ms
2020-May-30 17:57:05 pm [main] INFO  com.zaxxer.hikari.HikariDataSource - HikariPool-1 - Starting...
2020-May-30 17:57:06 pm [main] INFO  com.zaxxer.hikari.HikariDataSource - HikariPool-1 - Start completed.
2020-May-30 17:57:06 pm [main] INFO  org.hibernate.jpa.internal.util.LogHelper - HHH000204: Processing PersistenceUnitInfo [name: default]
2020-May-30 17:57:06 pm [main] INFO  org.hibernate.Version - HHH000412: Hibernate ORM core version 5.4.12.Final
2020-May-30 17:57:06 pm [main] INFO  org.hibernate.annotations.common.Version - HCANN000001: Hibernate Commons Annotations {5.1.0.Final}
2020-May-30 17:57:06 pm [main] INFO  org.hibernate.dialect.Dialect - HHH000400: Using dialect: org.hibernate.dialect.MySQL55Dialect
2020-May-30 17:57:07 pm [main] INFO  org.hibernate.engine.transaction.jta.platform.internal.JtaPlatformInitiator - HHH000490: Using JtaPlatform implementation: [org.hibernate.engine.transaction.jta.platform.internal.NoJtaPlatform]
2020-May-30 17:57:07 pm [main] INFO  org.springframework.orm.jpa.LocalContainerEntityManagerFactoryBean - Initialized JPA EntityManagerFactory for persistence unit 'default'
2020-May-30 17:57:07 pm [main] WARN  org.springframework.boot.autoconfigure.orm.jpa.JpaBaseConfiguration$JpaWebConfiguration - spring.jpa.open-in-view is enabled by default. Therefore, database queries may be performed during view rendering. Explicitly configure spring.jpa.open-in-view to disable this warning
2020-May-30 17:57:07 pm [main] INFO  org.springframework.security.web.DefaultSecurityFilterChain - Creating filter chain: any request, [org.springframework.security.web.context.request.async.WebAsyncManagerIntegrationFilter@17f8cad6, org.springframework.security.web.context.SecurityContextPersistenceFilter@5513a46b, org.springframework.security.web.header.HeaderWriterFilter@4ba1f425, org.springframework.web.filter.CorsFilter@698e1bf5, org.springframework.security.web.authentication.logout.LogoutFilter@488279d3, com.portfolio.api.security.AuthenticationFilter@7a85dc58, com.portfolio.api.security.AuthorizationFilter@2ee1b017, org.springframework.security.web.savedrequest.RequestCacheAwareFilter@5703c1fb, org.springframework.security.web.servletapi.SecurityContextHolderAwareRequestFilter@52c27d53, org.springframework.security.web.authentication.AnonymousAuthenticationFilter@7f9e6167, org.springframework.security.web.session.SessionManagementFilter@73fe7483, org.springframework.security.web.access.ExceptionTranslationFilter@2c2edbe7, org.springframework.security.web.access.intercept.FilterSecurityInterceptor@ea0c99c]
2020-May-30 17:57:08 pm [main] INFO  org.springframework.scheduling.concurrent.ThreadPoolTaskExecutor - Initializing ExecutorService 'applicationTaskExecutor'
2020-May-30 17:57:08 pm [main] INFO  org.apache.coyote.http11.Http11NioProtocol - Starting ProtocolHandler ["http-nio-8080"]
2020-May-30 17:57:08 pm [main] INFO  org.springframework.boot.web.embedded.tomcat.TomcatWebServer - Tomcat started on port(s): 8080 (http) with context path ''
2020-May-30 17:57:08 pm [main] INFO  com.portfolio.api.PortfolioApplication - Started PortfolioApplication in 4.576 seconds (JVM running for 5.503)
2020-May-30 17:57:10 pm [http-nio-8080-exec-1] INFO  org.apache.catalina.core.ContainerBase.[Tomcat].[localhost].[/] - Initializing Spring DispatcherServlet 'dispatcherServlet'
2020-May-30 17:57:10 pm [http-nio-8080-exec-1] INFO  org.springframework.web.servlet.DispatcherServlet - Initializing Servlet 'dispatcherServlet'
2020-May-30 17:57:10 pm [http-nio-8080-exec-1] INFO  org.springframework.web.servlet.DispatcherServlet - Completed initialization in 15 ms
2020-May-30 17:57:11 pm [http-nio-8080-exec-6] ERROR com.portfolio.api.utility.LogingUtility - org.springframework.web.server.ResponseStatusException: 400 BAD_REQUEST "ModelMapper mapping errors:

1) Converter org.modelmapper.internal.converter.BooleanConverter@55fc37a7 failed to convert java.util.HashSet to boolean.

1 error"; nested exception is org.modelmapper.MappingException: ModelMapper mapping errors:

1) Converter org.modelmapper.internal.converter.BooleanConverter@55fc37a7 failed to convert java.util.HashSet to boolean.

1 error
2020-May-30 17:57:29 pm [RMI TCP Connection(8)-127.0.0.1] INFO  org.springframework.boot.admin.SpringApplicationAdminMXBeanRegistrar$SpringApplicationAdmin - Application shutdown requested.
2020-May-30 17:57:29 pm [RMI TCP Connection(8)-127.0.0.1] INFO  org.springframework.scheduling.concurrent.ThreadPoolTaskExecutor - Shutting down ExecutorService 'applicationTaskExecutor'
2020-May-30 17:57:29 pm [RMI TCP Connection(8)-127.0.0.1] INFO  org.springframework.orm.jpa.LocalContainerEntityManagerFactoryBean - Closing JPA EntityManagerFactory for persistence unit 'default'
2020-May-30 17:57:29 pm [RMI TCP Connection(8)-127.0.0.1] INFO  com.zaxxer.hikari.HikariDataSource - HikariPool-1 - Shutdown initiated...
2020-May-30 17:57:29 pm [RMI TCP Connection(8)-127.0.0.1] INFO  com.zaxxer.hikari.HikariDataSource - HikariPool-1 - Shutdown completed.
2020-May-30 17:58:58 pm [main] INFO  com.portfolio.api.PortfolioApplication - Starting PortfolioApplication on DESKTOP-4PS6C6T with PID 17304 (E:\protfolio\portfolio-api\target\classes started by jsprt in E:\protfolio\portfolio-api)
2020-May-30 17:58:58 pm [main] INFO  com.portfolio.api.PortfolioApplication - No active profile set, falling back to default profiles: default
2020-May-30 17:58:59 pm [main] INFO  org.springframework.data.repository.config.RepositoryConfigurationDelegate - Bootstrapping Spring Data JPA repositories in DEFAULT mode.
2020-May-30 17:58:59 pm [main] INFO  org.springframework.data.repository.config.RepositoryConfigurationDelegate - Finished Spring Data repository scanning in 67ms. Found 6 JPA repository interfaces.
2020-May-30 17:59:00 pm [main] INFO  org.springframework.boot.web.embedded.tomcat.TomcatWebServer - Tomcat initialized with port(s): 8080 (http)
2020-May-30 17:59:00 pm [main] INFO  org.apache.coyote.http11.Http11NioProtocol - Initializing ProtocolHandler ["http-nio-8080"]
2020-May-30 17:59:00 pm [main] INFO  org.apache.catalina.core.StandardService - Starting service [Tomcat]
2020-May-30 17:59:00 pm [main] INFO  org.apache.catalina.core.StandardEngine - Starting Servlet engine: [Apache Tomcat/9.0.33]
2020-May-30 17:59:00 pm [main] INFO  org.apache.catalina.core.ContainerBase.[Tomcat].[localhost].[/] - Initializing Spring embedded WebApplicationContext
2020-May-30 17:59:00 pm [main] INFO  org.springframework.web.context.ContextLoader - Root WebApplicationContext: initialization completed in 1469 ms
2020-May-30 17:59:00 pm [main] INFO  com.zaxxer.hikari.HikariDataSource - HikariPool-1 - Starting...
2020-May-30 17:59:00 pm [main] INFO  com.zaxxer.hikari.HikariDataSource - HikariPool-1 - Start completed.
2020-May-30 17:59:00 pm [main] INFO  org.hibernate.jpa.internal.util.LogHelper - HHH000204: Processing PersistenceUnitInfo [name: default]
2020-May-30 17:59:00 pm [main] INFO  org.hibernate.Version - HHH000412: Hibernate ORM core version 5.4.12.Final
2020-May-30 17:59:00 pm [main] INFO  org.hibernate.annotations.common.Version - HCANN000001: Hibernate Commons Annotations {5.1.0.Final}
2020-May-30 17:59:00 pm [main] INFO  org.hibernate.dialect.Dialect - HHH000400: Using dialect: org.hibernate.dialect.MySQL55Dialect
2020-May-30 17:59:01 pm [main] INFO  org.hibernate.engine.transaction.jta.platform.internal.JtaPlatformInitiator - HHH000490: Using JtaPlatform implementation: [org.hibernate.engine.transaction.jta.platform.internal.NoJtaPlatform]
2020-May-30 17:59:01 pm [main] INFO  org.springframework.orm.jpa.LocalContainerEntityManagerFactoryBean - Initialized JPA EntityManagerFactory for persistence unit 'default'
2020-May-30 17:59:01 pm [main] WARN  org.springframework.boot.autoconfigure.orm.jpa.JpaBaseConfiguration$JpaWebConfiguration - spring.jpa.open-in-view is enabled by default. Therefore, database queries may be performed during view rendering. Explicitly configure spring.jpa.open-in-view to disable this warning
2020-May-30 17:59:02 pm [main] INFO  org.springframework.security.web.DefaultSecurityFilterChain - Creating filter chain: any request, [org.springframework.security.web.context.request.async.WebAsyncManagerIntegrationFilter@570127fa, org.springframework.security.web.context.SecurityContextPersistenceFilter@34e9de8d, org.springframework.security.web.header.HeaderWriterFilter@6c1a63f7, org.springframework.web.filter.CorsFilter@5b324447, org.springframework.security.web.authentication.logout.LogoutFilter@75c589f2, com.portfolio.api.security.AuthenticationFilter@2ffcdc9b, com.portfolio.api.security.AuthorizationFilter@47994b51, org.springframework.security.web.savedrequest.RequestCacheAwareFilter@61ca5134, org.springframework.security.web.servletapi.SecurityContextHolderAwareRequestFilter@1322b542, org.springframework.security.web.authentication.AnonymousAuthenticationFilter@19f99aaf, org.springframework.security.web.session.SessionManagementFilter@72240290, org.springframework.security.web.access.ExceptionTranslationFilter@46bdc55e, org.springframework.security.web.access.intercept.FilterSecurityInterceptor@314c28dc]
2020-May-30 17:59:02 pm [main] INFO  org.springframework.scheduling.concurrent.ThreadPoolTaskExecutor - Initializing ExecutorService 'applicationTaskExecutor'
2020-May-30 17:59:02 pm [main] INFO  org.apache.coyote.http11.Http11NioProtocol - Starting ProtocolHandler ["http-nio-8080"]
2020-May-30 17:59:02 pm [main] INFO  org.springframework.boot.web.embedded.tomcat.TomcatWebServer - Tomcat started on port(s): 8080 (http) with context path ''
2020-May-30 17:59:02 pm [main] INFO  com.portfolio.api.PortfolioApplication - Started PortfolioApplication in 4.367 seconds (JVM running for 5.49)
2020-May-30 17:59:08 pm [http-nio-8080-exec-1] INFO  org.apache.catalina.core.ContainerBase.[Tomcat].[localhost].[/] - Initializing Spring DispatcherServlet 'dispatcherServlet'
2020-May-30 17:59:08 pm [http-nio-8080-exec-1] INFO  org.springframework.web.servlet.DispatcherServlet - Initializing Servlet 'dispatcherServlet'
2020-May-30 17:59:08 pm [http-nio-8080-exec-1] INFO  org.springframework.web.servlet.DispatcherServlet - Completed initialization in 18 ms
2020-May-30 17:59:08 pm [http-nio-8080-exec-6] ERROR com.portfolio.api.utility.LogingUtility - org.springframework.web.server.ResponseStatusException: 400 BAD_REQUEST "ModelMapper mapping errors:

1) Converter org.modelmapper.internal.converter.BooleanConverter@56c12dd3 failed to convert java.util.HashSet to boolean.

1 error"; nested exception is org.modelmapper.MappingException: ModelMapper mapping errors:

1) Converter org.modelmapper.internal.converter.BooleanConverter@56c12dd3 failed to convert java.util.HashSet to boolean.

1 error
2020-May-30 17:59:16 pm [RMI TCP Connection(4)-127.0.0.1] INFO  org.springframework.boot.admin.SpringApplicationAdminMXBeanRegistrar$SpringApplicationAdmin - Application shutdown requested.
2020-May-30 17:59:16 pm [RMI TCP Connection(4)-127.0.0.1] INFO  org.springframework.scheduling.concurrent.ThreadPoolTaskExecutor - Shutting down ExecutorService 'applicationTaskExecutor'
2020-May-30 17:59:16 pm [RMI TCP Connection(4)-127.0.0.1] INFO  org.springframework.orm.jpa.LocalContainerEntityManagerFactoryBean - Closing JPA EntityManagerFactory for persistence unit 'default'
2020-May-30 17:59:16 pm [RMI TCP Connection(4)-127.0.0.1] INFO  com.zaxxer.hikari.HikariDataSource - HikariPool-1 - Shutdown initiated...
2020-May-30 17:59:16 pm [RMI TCP Connection(4)-127.0.0.1] INFO  com.zaxxer.hikari.HikariDataSource - HikariPool-1 - Shutdown completed.
2020-May-30 18:01:32 pm [main] INFO  com.portfolio.api.PortfolioApplication - Starting PortfolioApplication on DESKTOP-4PS6C6T with PID 256 (E:\protfolio\portfolio-api\target\classes started by jsprt in E:\protfolio\portfolio-api)
2020-May-30 18:01:32 pm [main] INFO  com.portfolio.api.PortfolioApplication - No active profile set, falling back to default profiles: default
2020-May-30 18:01:33 pm [main] INFO  org.springframework.data.repository.config.RepositoryConfigurationDelegate - Bootstrapping Spring Data JPA repositories in DEFAULT mode.
2020-May-30 18:01:33 pm [main] INFO  org.springframework.data.repository.config.RepositoryConfigurationDelegate - Finished Spring Data repository scanning in 101ms. Found 6 JPA repository interfaces.
2020-May-30 18:01:34 pm [main] INFO  org.springframework.boot.web.embedded.tomcat.TomcatWebServer - Tomcat initialized with port(s): 8080 (http)
2020-May-30 18:01:34 pm [main] INFO  org.apache.coyote.http11.Http11NioProtocol - Initializing ProtocolHandler ["http-nio-8080"]
2020-May-30 18:01:34 pm [main] INFO  org.apache.catalina.core.StandardService - Starting service [Tomcat]
2020-May-30 18:01:34 pm [main] INFO  org.apache.catalina.core.StandardEngine - Starting Servlet engine: [Apache Tomcat/9.0.33]
2020-May-30 18:01:34 pm [main] INFO  org.apache.catalina.core.ContainerBase.[Tomcat].[localhost].[/] - Initializing Spring embedded WebApplicationContext
2020-May-30 18:01:34 pm [main] INFO  org.springframework.web.context.ContextLoader - Root WebApplicationContext: initialization completed in 1970 ms
2020-May-30 18:01:34 pm [main] INFO  com.zaxxer.hikari.HikariDataSource - HikariPool-1 - Starting...
2020-May-30 18:01:34 pm [main] INFO  com.zaxxer.hikari.HikariDataSource - HikariPool-1 - Start completed.
2020-May-30 18:01:34 pm [main] INFO  org.hibernate.jpa.internal.util.LogHelper - HHH000204: Processing PersistenceUnitInfo [name: default]
2020-May-30 18:01:34 pm [main] INFO  org.hibernate.Version - HHH000412: Hibernate ORM core version 5.4.12.Final
2020-May-30 18:01:34 pm [main] INFO  org.hibernate.annotations.common.Version - HCANN000001: Hibernate Commons Annotations {5.1.0.Final}
2020-May-30 18:01:34 pm [main] INFO  org.hibernate.dialect.Dialect - HHH000400: Using dialect: org.hibernate.dialect.MySQL55Dialect
2020-May-30 18:01:35 pm [main] INFO  org.hibernate.engine.transaction.jta.platform.internal.JtaPlatformInitiator - HHH000490: Using JtaPlatform implementation: [org.hibernate.engine.transaction.jta.platform.internal.NoJtaPlatform]
2020-May-30 18:01:35 pm [main] INFO  org.springframework.orm.jpa.LocalContainerEntityManagerFactoryBean - Initialized JPA EntityManagerFactory for persistence unit 'default'
2020-May-30 18:01:36 pm [main] WARN  org.springframework.boot.autoconfigure.orm.jpa.JpaBaseConfiguration$JpaWebConfiguration - spring.jpa.open-in-view is enabled by default. Therefore, database queries may be performed during view rendering. Explicitly configure spring.jpa.open-in-view to disable this warning
2020-May-30 18:01:36 pm [main] INFO  org.springframework.security.web.DefaultSecurityFilterChain - Creating filter chain: any request, [org.springframework.security.web.context.request.async.WebAsyncManagerIntegrationFilter@3fd6dfbc, org.springframework.security.web.context.SecurityContextPersistenceFilter@32a074ed, org.springframework.security.web.header.HeaderWriterFilter@68f75a35, org.springframework.web.filter.CorsFilter@4023d23f, org.springframework.security.web.authentication.logout.LogoutFilter@2ae88712, com.portfolio.api.security.AuthenticationFilter@402676e3, com.portfolio.api.security.AuthorizationFilter@1a4ae53d, org.springframework.security.web.savedrequest.RequestCacheAwareFilter@29eaf100, org.springframework.security.web.servletapi.SecurityContextHolderAwareRequestFilter@3539cf45, org.springframework.security.web.authentication.AnonymousAuthenticationFilter@1368e2f7, org.springframework.security.web.session.SessionManagementFilter@45017263, org.springframework.security.web.access.ExceptionTranslationFilter@197180a5, org.springframework.security.web.access.intercept.FilterSecurityInterceptor@1ba3c03d]
2020-May-30 18:01:36 pm [main] INFO  org.springframework.scheduling.concurrent.ThreadPoolTaskExecutor - Initializing ExecutorService 'applicationTaskExecutor'
2020-May-30 18:01:37 pm [main] INFO  org.apache.coyote.http11.Http11NioProtocol - Starting ProtocolHandler ["http-nio-8080"]
2020-May-30 18:01:37 pm [main] INFO  org.springframework.boot.web.embedded.tomcat.TomcatWebServer - Tomcat started on port(s): 8080 (http) with context path ''
2020-May-30 18:01:37 pm [main] INFO  com.portfolio.api.PortfolioApplication - Started PortfolioApplication in 5.308 seconds (JVM running for 6.803)
2020-May-30 18:01:39 pm [http-nio-8080-exec-1] INFO  org.apache.catalina.core.ContainerBase.[Tomcat].[localhost].[/] - Initializing Spring DispatcherServlet 'dispatcherServlet'
2020-May-30 18:01:39 pm [http-nio-8080-exec-1] INFO  org.springframework.web.servlet.DispatcherServlet - Initializing Servlet 'dispatcherServlet'
2020-May-30 18:01:39 pm [http-nio-8080-exec-1] INFO  org.springframework.web.servlet.DispatcherServlet - Completed initialization in 26 ms
2020-May-30 18:01:49 pm [RMI TCP Connection(7)-127.0.0.1] INFO  org.springframework.boot.admin.SpringApplicationAdminMXBeanRegistrar$SpringApplicationAdmin - Application shutdown requested.
2020-May-30 18:01:49 pm [RMI TCP Connection(7)-127.0.0.1] INFO  org.springframework.scheduling.concurrent.ThreadPoolTaskExecutor - Shutting down ExecutorService 'applicationTaskExecutor'
2020-May-30 18:01:49 pm [RMI TCP Connection(7)-127.0.0.1] INFO  org.springframework.orm.jpa.LocalContainerEntityManagerFactoryBean - Closing JPA EntityManagerFactory for persistence unit 'default'
2020-May-30 18:01:49 pm [RMI TCP Connection(7)-127.0.0.1] INFO  com.zaxxer.hikari.HikariDataSource - HikariPool-1 - Shutdown initiated...
2020-May-30 18:01:49 pm [RMI TCP Connection(7)-127.0.0.1] INFO  com.zaxxer.hikari.HikariDataSource - HikariPool-1 - Shutdown completed.
2020-May-30 18:03:14 pm [main] INFO  com.portfolio.api.PortfolioApplication - Starting PortfolioApplication on DESKTOP-4PS6C6T with PID 13892 (E:\protfolio\portfolio-api\target\classes started by jsprt in E:\protfolio\portfolio-api)
2020-May-30 18:03:14 pm [main] INFO  com.portfolio.api.PortfolioApplication - No active profile set, falling back to default profiles: default
2020-May-30 18:03:15 pm [main] INFO  org.springframework.data.repository.config.RepositoryConfigurationDelegate - Bootstrapping Spring Data JPA repositories in DEFAULT mode.
2020-May-30 18:03:15 pm [main] INFO  org.springframework.data.repository.config.RepositoryConfigurationDelegate - Finished Spring Data repository scanning in 74ms. Found 6 JPA repository interfaces.
2020-May-30 18:03:16 pm [main] INFO  org.springframework.boot.web.embedded.tomcat.TomcatWebServer - Tomcat initialized with port(s): 8080 (http)
2020-May-30 18:03:16 pm [main] INFO  org.apache.coyote.http11.Http11NioProtocol - Initializing ProtocolHandler ["http-nio-8080"]
2020-May-30 18:03:16 pm [main] INFO  org.apache.catalina.core.StandardService - Starting service [Tomcat]
2020-May-30 18:03:16 pm [main] INFO  org.apache.catalina.core.StandardEngine - Starting Servlet engine: [Apache Tomcat/9.0.33]
2020-May-30 18:03:16 pm [main] INFO  org.apache.catalina.core.ContainerBase.[Tomcat].[localhost].[/] - Initializing Spring embedded WebApplicationContext
2020-May-30 18:03:16 pm [main] INFO  org.springframework.web.context.ContextLoader - Root WebApplicationContext: initialization completed in 1508 ms
2020-May-30 18:03:16 pm [main] INFO  com.zaxxer.hikari.HikariDataSource - HikariPool-1 - Starting...
2020-May-30 18:03:16 pm [main] INFO  com.zaxxer.hikari.HikariDataSource - HikariPool-1 - Start completed.
2020-May-30 18:03:16 pm [main] INFO  org.hibernate.jpa.internal.util.LogHelper - HHH000204: Processing PersistenceUnitInfo [name: default]
2020-May-30 18:03:16 pm [main] INFO  org.hibernate.Version - HHH000412: Hibernate ORM core version 5.4.12.Final
2020-May-30 18:03:16 pm [main] INFO  org.hibernate.annotations.common.Version - HCANN000001: Hibernate Commons Annotations {5.1.0.Final}
2020-May-30 18:03:16 pm [main] INFO  org.hibernate.dialect.Dialect - HHH000400: Using dialect: org.hibernate.dialect.MySQL55Dialect
2020-May-30 18:03:17 pm [main] INFO  org.hibernate.engine.transaction.jta.platform.internal.JtaPlatformInitiator - HHH000490: Using JtaPlatform implementation: [org.hibernate.engine.transaction.jta.platform.internal.NoJtaPlatform]
2020-May-30 18:03:17 pm [main] INFO  org.springframework.orm.jpa.LocalContainerEntityManagerFactoryBean - Initialized JPA EntityManagerFactory for persistence unit 'default'
2020-May-30 18:03:18 pm [main] WARN  org.springframework.boot.autoconfigure.orm.jpa.JpaBaseConfiguration$JpaWebConfiguration - spring.jpa.open-in-view is enabled by default. Therefore, database queries may be performed during view rendering. Explicitly configure spring.jpa.open-in-view to disable this warning
2020-May-30 18:03:18 pm [main] INFO  org.springframework.security.web.DefaultSecurityFilterChain - Creating filter chain: any request, [org.springframework.security.web.context.request.async.WebAsyncManagerIntegrationFilter@bf18412, org.springframework.security.web.context.SecurityContextPersistenceFilter@345540f9, org.springframework.security.web.header.HeaderWriterFilter@33a7331, org.springframework.web.filter.CorsFilter@5da2966, org.springframework.security.web.authentication.logout.LogoutFilter@61503d00, com.portfolio.api.security.AuthenticationFilter@52c27d53, com.portfolio.api.security.AuthorizationFilter@5ca7619f, org.springframework.security.web.savedrequest.RequestCacheAwareFilter@44a98a23, org.springframework.security.web.servletapi.SecurityContextHolderAwareRequestFilter@76208b80, org.springframework.security.web.authentication.AnonymousAuthenticationFilter@5b71af0d, org.springframework.security.web.session.SessionManagementFilter@50d4775b, org.springframework.security.web.access.ExceptionTranslationFilter@3d12f065, org.springframework.security.web.access.intercept.FilterSecurityInterceptor@29d563bd]
2020-May-30 18:03:18 pm [main] INFO  org.springframework.scheduling.concurrent.ThreadPoolTaskExecutor - Initializing ExecutorService 'applicationTaskExecutor'
2020-May-30 18:03:19 pm [main] INFO  org.apache.coyote.http11.Http11NioProtocol - Starting ProtocolHandler ["http-nio-8080"]
2020-May-30 18:03:19 pm [main] INFO  org.springframework.boot.web.embedded.tomcat.TomcatWebServer - Tomcat started on port(s): 8080 (http) with context path ''
2020-May-30 18:03:19 pm [main] INFO  com.portfolio.api.PortfolioApplication - Started PortfolioApplication in 4.835 seconds (JVM running for 5.83)
2020-May-30 18:03:21 pm [http-nio-8080-exec-1] INFO  org.apache.catalina.core.ContainerBase.[Tomcat].[localhost].[/] - Initializing Spring DispatcherServlet 'dispatcherServlet'
2020-May-30 18:03:21 pm [http-nio-8080-exec-1] INFO  org.springframework.web.servlet.DispatcherServlet - Initializing Servlet 'dispatcherServlet'
2020-May-30 18:03:21 pm [http-nio-8080-exec-1] INFO  org.springframework.web.servlet.DispatcherServlet - Completed initialization in 21 ms
2020-May-30 18:09:57 pm [RMI TCP Connection(15)-127.0.0.1] INFO  org.springframework.boot.admin.SpringApplicationAdminMXBeanRegistrar$SpringApplicationAdmin - Application shutdown requested.
2020-May-30 18:09:57 pm [RMI TCP Connection(15)-127.0.0.1] INFO  org.springframework.scheduling.concurrent.ThreadPoolTaskExecutor - Shutting down ExecutorService 'applicationTaskExecutor'
2020-May-30 18:09:57 pm [RMI TCP Connection(15)-127.0.0.1] INFO  org.springframework.orm.jpa.LocalContainerEntityManagerFactoryBean - Closing JPA EntityManagerFactory for persistence unit 'default'
2020-May-30 18:09:57 pm [RMI TCP Connection(15)-127.0.0.1] INFO  com.zaxxer.hikari.HikariDataSource - HikariPool-1 - Shutdown initiated...
2020-May-30 18:09:57 pm [RMI TCP Connection(15)-127.0.0.1] INFO  com.zaxxer.hikari.HikariDataSource - HikariPool-1 - Shutdown completed.
2020-May-30 18:16:07 pm [main] INFO  com.portfolio.api.PortfolioApplication - Starting PortfolioApplication on DESKTOP-4PS6C6T with PID 2180 (E:\protfolio\portfolio-api\target\classes started by jsprt in E:\protfolio\portfolio-api)
2020-May-30 18:16:07 pm [main] INFO  com.portfolio.api.PortfolioApplication - No active profile set, falling back to default profiles: default
2020-May-30 18:16:08 pm [main] INFO  org.springframework.data.repository.config.RepositoryConfigurationDelegate - Bootstrapping Spring Data JPA repositories in DEFAULT mode.
2020-May-30 18:16:08 pm [main] INFO  org.springframework.data.repository.config.RepositoryConfigurationDelegate - Finished Spring Data repository scanning in 74ms. Found 6 JPA repository interfaces.
2020-May-30 18:16:08 pm [main] INFO  org.springframework.boot.web.embedded.tomcat.TomcatWebServer - Tomcat initialized with port(s): 8080 (http)
2020-May-30 18:16:08 pm [main] INFO  org.apache.coyote.http11.Http11NioProtocol - Initializing ProtocolHandler ["http-nio-8080"]
2020-May-30 18:16:08 pm [main] INFO  org.apache.catalina.core.StandardService - Starting service [Tomcat]
2020-May-30 18:16:08 pm [main] INFO  org.apache.catalina.core.StandardEngine - Starting Servlet engine: [Apache Tomcat/9.0.33]
2020-May-30 18:16:09 pm [main] INFO  org.apache.catalina.core.ContainerBase.[Tomcat].[localhost].[/] - Initializing Spring embedded WebApplicationContext
2020-May-30 18:16:09 pm [main] INFO  org.springframework.web.context.ContextLoader - Root WebApplicationContext: initialization completed in 1585 ms
2020-May-30 18:16:09 pm [main] INFO  com.zaxxer.hikari.HikariDataSource - HikariPool-1 - Starting...
2020-May-30 18:16:09 pm [main] INFO  com.zaxxer.hikari.HikariDataSource - HikariPool-1 - Start completed.
2020-May-30 18:16:09 pm [main] INFO  org.hibernate.jpa.internal.util.LogHelper - HHH000204: Processing PersistenceUnitInfo [name: default]
2020-May-30 18:16:09 pm [main] INFO  org.hibernate.Version - HHH000412: Hibernate ORM core version 5.4.12.Final
2020-May-30 18:16:09 pm [main] INFO  org.hibernate.annotations.common.Version - HCANN000001: Hibernate Commons Annotations {5.1.0.Final}
2020-May-30 18:16:09 pm [main] INFO  org.hibernate.dialect.Dialect - HHH000400: Using dialect: org.hibernate.dialect.MySQL55Dialect
2020-May-30 18:16:10 pm [main] INFO  org.hibernate.engine.transaction.jta.platform.internal.JtaPlatformInitiator - HHH000490: Using JtaPlatform implementation: [org.hibernate.engine.transaction.jta.platform.internal.NoJtaPlatform]
2020-May-30 18:16:10 pm [main] INFO  org.springframework.orm.jpa.LocalContainerEntityManagerFactoryBean - Initialized JPA EntityManagerFactory for persistence unit 'default'
2020-May-30 18:16:11 pm [main] WARN  org.springframework.boot.autoconfigure.orm.jpa.JpaBaseConfiguration$JpaWebConfiguration - spring.jpa.open-in-view is enabled by default. Therefore, database queries may be performed during view rendering. Explicitly configure spring.jpa.open-in-view to disable this warning
2020-May-30 18:16:11 pm [main] INFO  org.springframework.security.web.DefaultSecurityFilterChain - Creating filter chain: any request, [org.springframework.security.web.context.request.async.WebAsyncManagerIntegrationFilter@105fe81e, org.springframework.security.web.context.SecurityContextPersistenceFilter@61503d00, org.springframework.security.web.header.HeaderWriterFilter@6be2b567, org.springframework.web.filter.CorsFilter@af94b0b, org.springframework.security.web.authentication.logout.LogoutFilter@45375bdf, com.portfolio.api.security.AuthenticationFilter@208185c0, com.portfolio.api.security.AuthorizationFilter@1831447c, org.springframework.security.web.savedrequest.RequestCacheAwareFilter@3ebc6d8b, org.springframework.security.web.servletapi.SecurityContextHolderAwareRequestFilter@478fe415, org.springframework.security.web.authentication.AnonymousAuthenticationFilter@7741507c, org.springframework.security.web.session.SessionManagementFilter@7fcbc336, org.springframework.security.web.access.ExceptionTranslationFilter@5737d116, org.springframework.security.web.access.intercept.FilterSecurityInterceptor@7872e91f]
2020-May-30 18:16:11 pm [main] INFO  org.springframework.scheduling.concurrent.ThreadPoolTaskExecutor - Initializing ExecutorService 'applicationTaskExecutor'
2020-May-30 18:16:12 pm [main] INFO  org.apache.coyote.http11.Http11NioProtocol - Starting ProtocolHandler ["http-nio-8080"]
2020-May-30 18:16:12 pm [main] INFO  org.springframework.boot.web.embedded.tomcat.TomcatWebServer - Tomcat started on port(s): 8080 (http) with context path ''
2020-May-30 18:16:12 pm [main] INFO  com.portfolio.api.PortfolioApplication - Started PortfolioApplication in 5.072 seconds (JVM running for 6.015)
2020-May-30 18:17:17 pm [http-nio-8080-exec-1] INFO  org.apache.catalina.core.ContainerBase.[Tomcat].[localhost].[/] - Initializing Spring DispatcherServlet 'dispatcherServlet'
2020-May-30 18:17:17 pm [http-nio-8080-exec-1] INFO  org.springframework.web.servlet.DispatcherServlet - Initializing Servlet 'dispatcherServlet'
2020-May-30 18:17:17 pm [http-nio-8080-exec-1] INFO  org.springframework.web.servlet.DispatcherServlet - Completed initialization in 22 ms
2020-May-30 18:26:04 pm [RMI TCP Connection(20)-127.0.0.1] INFO  org.springframework.boot.admin.SpringApplicationAdminMXBeanRegistrar$SpringApplicationAdmin - Application shutdown requested.
2020-May-30 18:26:04 pm [RMI TCP Connection(20)-127.0.0.1] INFO  org.springframework.scheduling.concurrent.ThreadPoolTaskExecutor - Shutting down ExecutorService 'applicationTaskExecutor'
2020-May-30 18:26:04 pm [RMI TCP Connection(20)-127.0.0.1] INFO  org.springframework.orm.jpa.LocalContainerEntityManagerFactoryBean - Closing JPA EntityManagerFactory for persistence unit 'default'
2020-May-30 18:26:04 pm [RMI TCP Connection(20)-127.0.0.1] INFO  com.zaxxer.hikari.HikariDataSource - HikariPool-1 - Shutdown initiated...
2020-May-30 18:26:04 pm [RMI TCP Connection(20)-127.0.0.1] INFO  com.zaxxer.hikari.HikariDataSource - HikariPool-1 - Shutdown completed.
2020-Jun-01 16:00:50 pm [main] INFO  com.portfolio.api.PortfolioApplication - Starting PortfolioApplication on DESKTOP-4PS6C6T with PID 4512 (E:\protfolio\portfolio-api\target\classes started by jsprt in E:\protfolio\portfolio-api)
2020-Jun-01 16:00:50 pm [main] INFO  com.portfolio.api.PortfolioApplication - No active profile set, falling back to default profiles: default
2020-Jun-01 16:00:50 pm [main] INFO  org.springframework.data.repository.config.RepositoryConfigurationDelegate - Bootstrapping Spring Data JPA repositories in DEFAULT mode.
2020-Jun-01 16:00:51 pm [main] INFO  org.springframework.data.repository.config.RepositoryConfigurationDelegate - Finished Spring Data repository scanning in 74ms. Found 6 JPA repository interfaces.
2020-Jun-01 16:00:51 pm [main] INFO  org.springframework.boot.web.embedded.tomcat.TomcatWebServer - Tomcat initialized with port(s): 8080 (http)
2020-Jun-01 16:00:51 pm [main] INFO  org.apache.coyote.http11.Http11NioProtocol - Initializing ProtocolHandler ["http-nio-8080"]
2020-Jun-01 16:00:51 pm [main] INFO  org.apache.catalina.core.StandardService - Starting service [Tomcat]
2020-Jun-01 16:00:51 pm [main] INFO  org.apache.catalina.core.StandardEngine - Starting Servlet engine: [Apache Tomcat/9.0.33]
2020-Jun-01 16:00:52 pm [main] INFO  org.apache.catalina.core.ContainerBase.[Tomcat].[localhost].[/] - Initializing Spring embedded WebApplicationContext
2020-Jun-01 16:00:52 pm [main] INFO  org.springframework.web.context.ContextLoader - Root WebApplicationContext: initialization completed in 1845 ms
2020-Jun-01 16:00:52 pm [main] INFO  com.zaxxer.hikari.HikariDataSource - HikariPool-1 - Starting...
2020-Jun-01 16:00:52 pm [main] INFO  com.zaxxer.hikari.HikariDataSource - HikariPool-1 - Start completed.
2020-Jun-01 16:00:52 pm [main] INFO  org.hibernate.jpa.internal.util.LogHelper - HHH000204: Processing PersistenceUnitInfo [name: default]
2020-Jun-01 16:00:52 pm [main] INFO  org.hibernate.Version - HHH000412: Hibernate ORM core version 5.4.12.Final
2020-Jun-01 16:00:52 pm [main] INFO  org.hibernate.annotations.common.Version - HCANN000001: Hibernate Commons Annotations {5.1.0.Final}
2020-Jun-01 16:00:53 pm [main] INFO  org.hibernate.dialect.Dialect - HHH000400: Using dialect: org.hibernate.dialect.MySQL55Dialect
2020-Jun-01 16:00:54 pm [main] INFO  org.hibernate.engine.transaction.jta.platform.internal.JtaPlatformInitiator - HHH000490: Using JtaPlatform implementation: [org.hibernate.engine.transaction.jta.platform.internal.NoJtaPlatform]
2020-Jun-01 16:00:54 pm [main] INFO  org.springframework.orm.jpa.LocalContainerEntityManagerFactoryBean - Initialized JPA EntityManagerFactory for persistence unit 'default'
2020-Jun-01 16:00:55 pm [main] WARN  org.springframework.boot.autoconfigure.orm.jpa.JpaBaseConfiguration$JpaWebConfiguration - spring.jpa.open-in-view is enabled by default. Therefore, database queries may be performed during view rendering. Explicitly configure spring.jpa.open-in-view to disable this warning
2020-Jun-01 16:00:55 pm [main] INFO  org.springframework.security.web.DefaultSecurityFilterChain - Creating filter chain: any request, [org.springframework.security.web.context.request.async.WebAsyncManagerIntegrationFilter@4023d23f, org.springframework.security.web.context.SecurityContextPersistenceFilter@673605ef, org.springframework.security.web.header.HeaderWriterFilter@50e0b472, org.springframework.web.filter.CorsFilter@402676e3, org.springframework.security.web.authentication.logout.LogoutFilter@10508ba6, com.portfolio.api.security.AuthenticationFilter@1a4ae53d, com.portfolio.api.security.AuthorizationFilter@1368e2f7, org.springframework.security.web.savedrequest.RequestCacheAwareFilter@6c1a6db1, org.springframework.security.web.servletapi.SecurityContextHolderAwareRequestFilter@7535307c, org.springframework.security.web.authentication.AnonymousAuthenticationFilter@4d84688f, org.springframework.security.web.session.SessionManagementFilter@6054ac20, org.springframework.security.web.access.ExceptionTranslationFilter@31028e45, org.springframework.security.web.access.intercept.FilterSecurityInterceptor@9a37591]
2020-Jun-01 16:00:55 pm [main] INFO  org.springframework.scheduling.concurrent.ThreadPoolTaskExecutor - Initializing ExecutorService 'applicationTaskExecutor'
2020-Jun-01 16:00:55 pm [main] INFO  org.apache.coyote.http11.Http11NioProtocol - Starting ProtocolHandler ["http-nio-8080"]
2020-Jun-01 16:00:55 pm [main] INFO  org.springframework.boot.web.embedded.tomcat.TomcatWebServer - Tomcat started on port(s): 8080 (http) with context path ''
2020-Jun-01 16:00:55 pm [main] INFO  com.portfolio.api.PortfolioApplication - Started PortfolioApplication in 6.204 seconds (JVM running for 8.218)
2020-Jun-01 16:04:42 pm [RMI TCP Connection(11)-127.0.0.1] INFO  org.springframework.boot.admin.SpringApplicationAdminMXBeanRegistrar$SpringApplicationAdmin - Application shutdown requested.
2020-Jun-01 16:04:42 pm [RMI TCP Connection(11)-127.0.0.1] INFO  org.springframework.scheduling.concurrent.ThreadPoolTaskExecutor - Shutting down ExecutorService 'applicationTaskExecutor'
2020-Jun-01 16:04:42 pm [RMI TCP Connection(11)-127.0.0.1] INFO  org.springframework.orm.jpa.LocalContainerEntityManagerFactoryBean - Closing JPA EntityManagerFactory for persistence unit 'default'
2020-Jun-01 16:04:42 pm [RMI TCP Connection(11)-127.0.0.1] INFO  com.zaxxer.hikari.HikariDataSource - HikariPool-1 - Shutdown initiated...
2020-Jun-01 16:04:42 pm [RMI TCP Connection(11)-127.0.0.1] INFO  com.zaxxer.hikari.HikariDataSource - HikariPool-1 - Shutdown completed.
2020-Jun-01 16:08:18 pm [main] INFO  com.portfolio.api.PortfolioApplication - Starting PortfolioApplication on DESKTOP-4PS6C6T with PID 7792 (E:\protfolio\portfolio-api\target\classes started by jsprt in E:\protfolio\portfolio-api)
2020-Jun-01 16:08:18 pm [main] INFO  com.portfolio.api.PortfolioApplication - No active profile set, falling back to default profiles: default
2020-Jun-01 16:08:19 pm [main] INFO  org.springframework.data.repository.config.RepositoryConfigurationDelegate - Bootstrapping Spring Data JPA repositories in DEFAULT mode.
2020-Jun-01 16:08:19 pm [main] INFO  org.springframework.data.repository.config.RepositoryConfigurationDelegate - Finished Spring Data repository scanning in 68ms. Found 6 JPA repository interfaces.
2020-Jun-01 16:08:19 pm [main] INFO  org.springframework.boot.web.embedded.tomcat.TomcatWebServer - Tomcat initialized with port(s): 8080 (http)
2020-Jun-01 16:08:19 pm [main] INFO  org.apache.coyote.http11.Http11NioProtocol - Initializing ProtocolHandler ["http-nio-8080"]
2020-Jun-01 16:08:19 pm [main] INFO  org.apache.catalina.core.StandardService - Starting service [Tomcat]
2020-Jun-01 16:08:19 pm [main] INFO  org.apache.catalina.core.StandardEngine - Starting Servlet engine: [Apache Tomcat/9.0.33]
2020-Jun-01 16:08:20 pm [main] INFO  org.apache.catalina.core.ContainerBase.[Tomcat].[localhost].[/] - Initializing Spring embedded WebApplicationContext
2020-Jun-01 16:08:20 pm [main] INFO  org.springframework.web.context.ContextLoader - Root WebApplicationContext: initialization completed in 1583 ms
2020-Jun-01 16:08:20 pm [main] INFO  com.zaxxer.hikari.HikariDataSource - HikariPool-1 - Starting...
2020-Jun-01 16:08:20 pm [main] INFO  com.zaxxer.hikari.HikariDataSource - HikariPool-1 - Start completed.
2020-Jun-01 16:08:20 pm [main] INFO  org.hibernate.jpa.internal.util.LogHelper - HHH000204: Processing PersistenceUnitInfo [name: default]
2020-Jun-01 16:08:20 pm [main] INFO  org.hibernate.Version - HHH000412: Hibernate ORM core version 5.4.12.Final
2020-Jun-01 16:08:20 pm [main] INFO  org.hibernate.annotations.common.Version - HCANN000001: Hibernate Commons Annotations {5.1.0.Final}
2020-Jun-01 16:08:21 pm [main] INFO  org.hibernate.dialect.Dialect - HHH000400: Using dialect: org.hibernate.dialect.MySQL55Dialect
2020-Jun-01 16:08:21 pm [main] INFO  org.hibernate.engine.transaction.jta.platform.internal.JtaPlatformInitiator - HHH000490: Using JtaPlatform implementation: [org.hibernate.engine.transaction.jta.platform.internal.NoJtaPlatform]
2020-Jun-01 16:08:21 pm [main] INFO  org.springframework.orm.jpa.LocalContainerEntityManagerFactoryBean - Initialized JPA EntityManagerFactory for persistence unit 'default'
2020-Jun-01 16:08:22 pm [main] WARN  org.springframework.boot.autoconfigure.orm.jpa.JpaBaseConfiguration$JpaWebConfiguration - spring.jpa.open-in-view is enabled by default. Therefore, database queries may be performed during view rendering. Explicitly configure spring.jpa.open-in-view to disable this warning
2020-Jun-01 16:08:22 pm [main] INFO  org.springframework.security.web.DefaultSecurityFilterChain - Creating filter chain: any request, [org.springframework.security.web.context.request.async.WebAsyncManagerIntegrationFilter@9a37591, org.springframework.security.web.context.SecurityContextPersistenceFilter@47c356e, org.springframework.security.web.header.HeaderWriterFilter@1eab0700, org.springframework.web.filter.CorsFilter@749c0669, org.springframework.security.web.authentication.logout.LogoutFilter@744db9fb, com.portfolio.api.security.AuthenticationFilter@4468c0ea, com.portfolio.api.security.AuthorizationFilter@41cf4272, org.springframework.security.web.savedrequest.RequestCacheAwareFilter@5b80b41d, org.springframework.security.web.servletapi.SecurityContextHolderAwareRequestFilter@32a074ed, org.springframework.security.web.authentication.AnonymousAuthenticationFilter@53d2b827, org.springframework.security.web.session.SessionManagementFilter@1fa44f66, org.springframework.security.web.access.ExceptionTranslationFilter@1fcfcf37, org.springframework.security.web.access.intercept.FilterSecurityInterceptor@4891d727]
2020-Jun-01 16:08:23 pm [main] INFO  org.springframework.scheduling.concurrent.ThreadPoolTaskExecutor - Initializing ExecutorService 'applicationTaskExecutor'
2020-Jun-01 16:08:23 pm [main] INFO  org.apache.coyote.http11.Http11NioProtocol - Starting ProtocolHandler ["http-nio-8080"]
2020-Jun-01 16:08:23 pm [main] INFO  org.springframework.boot.web.embedded.tomcat.TomcatWebServer - Tomcat started on port(s): 8080 (http) with context path ''
2020-Jun-01 16:08:23 pm [main] INFO  com.portfolio.api.PortfolioApplication - Started PortfolioApplication in 5.373 seconds (JVM running for 6.427)
2020-Jun-01 16:12:47 pm [http-nio-8080-exec-1] INFO  org.apache.catalina.core.ContainerBase.[Tomcat].[localhost].[/] - Initializing Spring DispatcherServlet 'dispatcherServlet'
2020-Jun-01 16:12:47 pm [http-nio-8080-exec-1] INFO  org.springframework.web.servlet.DispatcherServlet - Initializing Servlet 'dispatcherServlet'
2020-Jun-01 16:12:47 pm [http-nio-8080-exec-1] INFO  org.springframework.web.servlet.DispatcherServlet - Completed initialization in 64 ms
2020-Jun-01 16:14:35 pm [RMI TCP Connection(15)-127.0.0.1] INFO  org.springframework.boot.admin.SpringApplicationAdminMXBeanRegistrar$SpringApplicationAdmin - Application shutdown requested.
2020-Jun-01 16:14:35 pm [RMI TCP Connection(15)-127.0.0.1] INFO  org.springframework.scheduling.concurrent.ThreadPoolTaskExecutor - Shutting down ExecutorService 'applicationTaskExecutor'
2020-Jun-01 16:14:35 pm [RMI TCP Connection(15)-127.0.0.1] INFO  org.springframework.orm.jpa.LocalContainerEntityManagerFactoryBean - Closing JPA EntityManagerFactory for persistence unit 'default'
2020-Jun-01 16:14:35 pm [RMI TCP Connection(15)-127.0.0.1] INFO  com.zaxxer.hikari.HikariDataSource - HikariPool-1 - Shutdown initiated...
2020-Jun-01 16:14:35 pm [RMI TCP Connection(15)-127.0.0.1] INFO  com.zaxxer.hikari.HikariDataSource - HikariPool-1 - Shutdown completed.
2020-Jun-01 16:15:39 pm [main] INFO  com.portfolio.api.PortfolioApplication - Starting PortfolioApplication on DESKTOP-4PS6C6T with PID 17092 (E:\protfolio\portfolio-api\target\classes started by jsprt in E:\protfolio\portfolio-api)
2020-Jun-01 16:15:39 pm [main] INFO  com.portfolio.api.PortfolioApplication - No active profile set, falling back to default profiles: default
2020-Jun-01 16:15:39 pm [main] INFO  org.springframework.data.repository.config.RepositoryConfigurationDelegate - Bootstrapping Spring Data JPA repositories in DEFAULT mode.
2020-Jun-01 16:15:40 pm [main] INFO  org.springframework.data.repository.config.RepositoryConfigurationDelegate - Finished Spring Data repository scanning in 80ms. Found 6 JPA repository interfaces.
2020-Jun-01 16:15:40 pm [main] INFO  org.springframework.boot.web.embedded.tomcat.TomcatWebServer - Tomcat initialized with port(s): 8080 (http)
2020-Jun-01 16:15:40 pm [main] INFO  org.apache.coyote.http11.Http11NioProtocol - Initializing ProtocolHandler ["http-nio-8080"]
2020-Jun-01 16:15:40 pm [main] INFO  org.apache.catalina.core.StandardService - Starting service [Tomcat]
2020-Jun-01 16:15:40 pm [main] INFO  org.apache.catalina.core.StandardEngine - Starting Servlet engine: [Apache Tomcat/9.0.33]
2020-Jun-01 16:15:40 pm [main] INFO  org.apache.catalina.core.ContainerBase.[Tomcat].[localhost].[/] - Initializing Spring embedded WebApplicationContext
2020-Jun-01 16:15:40 pm [main] INFO  org.springframework.web.context.ContextLoader - Root WebApplicationContext: initialization completed in 1554 ms
2020-Jun-01 16:15:41 pm [main] INFO  com.zaxxer.hikari.HikariDataSource - HikariPool-1 - Starting...
2020-Jun-01 16:15:41 pm [main] INFO  com.zaxxer.hikari.HikariDataSource - HikariPool-1 - Start completed.
2020-Jun-01 16:15:41 pm [main] INFO  org.hibernate.jpa.internal.util.LogHelper - HHH000204: Processing PersistenceUnitInfo [name: default]
2020-Jun-01 16:15:41 pm [main] INFO  org.hibernate.Version - HHH000412: Hibernate ORM core version 5.4.12.Final
2020-Jun-01 16:15:41 pm [main] INFO  org.hibernate.annotations.common.Version - HCANN000001: Hibernate Commons Annotations {5.1.0.Final}
2020-Jun-01 16:15:41 pm [main] INFO  org.hibernate.dialect.Dialect - HHH000400: Using dialect: org.hibernate.dialect.MySQL55Dialect
2020-Jun-01 16:15:42 pm [main] INFO  org.hibernate.engine.transaction.jta.platform.internal.JtaPlatformInitiator - HHH000490: Using JtaPlatform implementation: [org.hibernate.engine.transaction.jta.platform.internal.NoJtaPlatform]
2020-Jun-01 16:15:42 pm [main] INFO  org.springframework.orm.jpa.LocalContainerEntityManagerFactoryBean - Initialized JPA EntityManagerFactory for persistence unit 'default'
2020-Jun-01 16:15:42 pm [main] WARN  org.springframework.boot.autoconfigure.orm.jpa.JpaBaseConfiguration$JpaWebConfiguration - spring.jpa.open-in-view is enabled by default. Therefore, database queries may be performed during view rendering. Explicitly configure spring.jpa.open-in-view to disable this warning
2020-Jun-01 16:15:42 pm [main] INFO  org.springframework.security.web.DefaultSecurityFilterChain - Creating filter chain: any request, [org.springframework.security.web.context.request.async.WebAsyncManagerIntegrationFilter@1fc8047f, org.springframework.security.web.context.SecurityContextPersistenceFilter@2ab39942, org.springframework.security.web.header.HeaderWriterFilter@4b5f022f, org.springframework.web.filter.CorsFilter@29fc83c5, org.springframework.security.web.authentication.logout.LogoutFilter@e3275d3, com.portfolio.api.security.AuthenticationFilter@3fb1948c, com.portfolio.api.security.AuthorizationFilter@7c39193f, org.springframework.security.web.savedrequest.RequestCacheAwareFilter@de40aa1, org.springframework.security.web.servletapi.SecurityContextHolderAwareRequestFilter@319d106c, org.springframework.security.web.authentication.AnonymousAuthenticationFilter@230d013b, org.springframework.security.web.session.SessionManagementFilter@49f41c2e, org.springframework.security.web.access.ExceptionTranslationFilter@1bb51492, org.springframework.security.web.access.intercept.FilterSecurityInterceptor@1be427b4]
2020-Jun-01 16:15:43 pm [main] INFO  org.springframework.scheduling.concurrent.ThreadPoolTaskExecutor - Initializing ExecutorService 'applicationTaskExecutor'
2020-Jun-01 16:15:43 pm [main] INFO  org.apache.coyote.http11.Http11NioProtocol - Starting ProtocolHandler ["http-nio-8080"]
2020-Jun-01 16:15:43 pm [main] INFO  org.springframework.boot.web.embedded.tomcat.TomcatWebServer - Tomcat started on port(s): 8080 (http) with context path ''
2020-Jun-01 16:15:43 pm [main] INFO  com.portfolio.api.PortfolioApplication - Started PortfolioApplication in 4.488 seconds (JVM running for 5.57)
2020-Jun-01 16:15:54 pm [http-nio-8080-exec-1] INFO  org.apache.catalina.core.ContainerBase.[Tomcat].[localhost].[/] - Initializing Spring DispatcherServlet 'dispatcherServlet'
2020-Jun-01 16:15:54 pm [http-nio-8080-exec-1] INFO  org.springframework.web.servlet.DispatcherServlet - Initializing Servlet 'dispatcherServlet'
2020-Jun-01 16:15:54 pm [http-nio-8080-exec-1] INFO  org.springframework.web.servlet.DispatcherServlet - Completed initialization in 32 ms
2020-Jun-01 16:19:51 pm [RMI TCP Connection(13)-127.0.0.1] INFO  org.springframework.boot.admin.SpringApplicationAdminMXBeanRegistrar$SpringApplicationAdmin - Application shutdown requested.
2020-Jun-01 16:19:51 pm [RMI TCP Connection(13)-127.0.0.1] INFO  org.springframework.scheduling.concurrent.ThreadPoolTaskExecutor - Shutting down ExecutorService 'applicationTaskExecutor'
2020-Jun-01 16:19:51 pm [RMI TCP Connection(13)-127.0.0.1] INFO  org.springframework.orm.jpa.LocalContainerEntityManagerFactoryBean - Closing JPA EntityManagerFactory for persistence unit 'default'
2020-Jun-01 16:19:51 pm [RMI TCP Connection(13)-127.0.0.1] INFO  com.zaxxer.hikari.HikariDataSource - HikariPool-1 - Shutdown initiated...
2020-Jun-01 16:19:51 pm [RMI TCP Connection(13)-127.0.0.1] INFO  com.zaxxer.hikari.HikariDataSource - HikariPool-1 - Shutdown completed.
2020-Jun-01 16:24:35 pm [main] INFO  com.portfolio.api.PortfolioApplication - Starting PortfolioApplication on DESKTOP-4PS6C6T with PID 7744 (E:\protfolio\portfolio-api\target\classes started by jsprt in E:\protfolio\portfolio-api)
2020-Jun-01 16:24:35 pm [main] INFO  com.portfolio.api.PortfolioApplication - No active profile set, falling back to default profiles: default
2020-Jun-01 16:24:36 pm [main] INFO  org.springframework.data.repository.config.RepositoryConfigurationDelegate - Bootstrapping Spring Data JPA repositories in DEFAULT mode.
2020-Jun-01 16:24:36 pm [main] INFO  org.springframework.data.repository.config.RepositoryConfigurationDelegate - Finished Spring Data repository scanning in 176ms. Found 6 JPA repository interfaces.
2020-Jun-01 16:24:37 pm [main] INFO  org.springframework.boot.web.embedded.tomcat.TomcatWebServer - Tomcat initialized with port(s): 8080 (http)
2020-Jun-01 16:24:37 pm [main] INFO  org.apache.coyote.http11.Http11NioProtocol - Initializing ProtocolHandler ["http-nio-8080"]
2020-Jun-01 16:24:37 pm [main] INFO  org.apache.catalina.core.StandardService - Starting service [Tomcat]
2020-Jun-01 16:24:37 pm [main] INFO  org.apache.catalina.core.StandardEngine - Starting Servlet engine: [Apache Tomcat/9.0.33]
2020-Jun-01 16:24:37 pm [main] INFO  org.apache.catalina.core.ContainerBase.[Tomcat].[localhost].[/] - Initializing Spring embedded WebApplicationContext
2020-Jun-01 16:24:37 pm [main] INFO  org.springframework.web.context.ContextLoader - Root WebApplicationContext: initialization completed in 2063 ms
2020-Jun-01 16:24:37 pm [main] INFO  com.zaxxer.hikari.HikariDataSource - HikariPool-1 - Starting...
2020-Jun-01 16:24:37 pm [main] INFO  com.zaxxer.hikari.HikariDataSource - HikariPool-1 - Start completed.
2020-Jun-01 16:24:37 pm [main] INFO  org.hibernate.jpa.internal.util.LogHelper - HHH000204: Processing PersistenceUnitInfo [name: default]
2020-Jun-01 16:24:38 pm [main] INFO  org.hibernate.Version - HHH000412: Hibernate ORM core version 5.4.12.Final
2020-Jun-01 16:24:38 pm [main] INFO  org.hibernate.annotations.common.Version - HCANN000001: Hibernate Commons Annotations {5.1.0.Final}
2020-Jun-01 16:24:38 pm [main] INFO  org.hibernate.dialect.Dialect - HHH000400: Using dialect: org.hibernate.dialect.MySQL55Dialect
2020-Jun-01 16:24:39 pm [main] INFO  org.hibernate.engine.transaction.jta.platform.internal.JtaPlatformInitiator - HHH000490: Using JtaPlatform implementation: [org.hibernate.engine.transaction.jta.platform.internal.NoJtaPlatform]
2020-Jun-01 16:24:39 pm [main] INFO  org.springframework.orm.jpa.LocalContainerEntityManagerFactoryBean - Initialized JPA EntityManagerFactory for persistence unit 'default'
2020-Jun-01 16:24:40 pm [main] WARN  org.springframework.boot.autoconfigure.orm.jpa.JpaBaseConfiguration$JpaWebConfiguration - spring.jpa.open-in-view is enabled by default. Therefore, database queries may be performed during view rendering. Explicitly configure spring.jpa.open-in-view to disable this warning
2020-Jun-01 16:24:40 pm [main] INFO  org.springframework.security.web.DefaultSecurityFilterChain - Creating filter chain: any request, [org.springframework.security.web.context.request.async.WebAsyncManagerIntegrationFilter@74c23525, org.springframework.security.web.context.SecurityContextPersistenceFilter@14fe085b, org.springframework.security.web.header.HeaderWriterFilter@31940d6b, org.springframework.web.filter.CorsFilter@176054b7, org.springframework.security.web.authentication.logout.LogoutFilter@1958524b, com.portfolio.api.security.AuthenticationFilter@531bec12, com.portfolio.api.security.AuthorizationFilter@24563809, org.springframework.security.web.savedrequest.RequestCacheAwareFilter@525b9df4, org.springframework.security.web.servletapi.SecurityContextHolderAwareRequestFilter@46d51d5e, org.springframework.security.web.authentication.AnonymousAuthenticationFilter@41d84abb, org.springframework.security.web.session.SessionManagementFilter@7d563c13, org.springframework.security.web.access.ExceptionTranslationFilter@744db9fb, org.springframework.security.web.access.intercept.FilterSecurityInterceptor@682fe17b]
2020-Jun-01 16:24:40 pm [main] INFO  org.springframework.scheduling.concurrent.ThreadPoolTaskExecutor - Initializing ExecutorService 'applicationTaskExecutor'
2020-Jun-01 16:24:40 pm [main] INFO  org.apache.coyote.http11.Http11NioProtocol - Starting ProtocolHandler ["http-nio-8080"]
2020-Jun-01 16:24:40 pm [main] INFO  org.springframework.boot.web.embedded.tomcat.TomcatWebServer - Tomcat started on port(s): 8080 (http) with context path ''
2020-Jun-01 16:24:40 pm [main] INFO  com.portfolio.api.PortfolioApplication - Started PortfolioApplication in 5.777 seconds (JVM running for 7.161)
2020-Jun-01 16:25:00 pm [http-nio-8080-exec-1] INFO  org.apache.catalina.core.ContainerBase.[Tomcat].[localhost].[/] - Initializing Spring DispatcherServlet 'dispatcherServlet'
2020-Jun-01 16:25:00 pm [http-nio-8080-exec-1] INFO  org.springframework.web.servlet.DispatcherServlet - Initializing Servlet 'dispatcherServlet'
2020-Jun-01 16:25:00 pm [http-nio-8080-exec-1] INFO  org.springframework.web.servlet.DispatcherServlet - Completed initialization in 18 ms
2020-Jun-01 16:49:56 pm [HikariPool-1 housekeeper] WARN  com.zaxxer.hikari.pool.HikariPool - HikariPool-1 - Thread starvation or clock leap detected (housekeeper delta=19m48s466ms976s900ns).
2020-Jun-01 17:07:56 pm [RMI TCP Connection(36)-127.0.0.1] INFO  org.springframework.boot.admin.SpringApplicationAdminMXBeanRegistrar$SpringApplicationAdmin - Application shutdown requested.
2020-Jun-01 17:07:56 pm [RMI TCP Connection(36)-127.0.0.1] INFO  org.springframework.scheduling.concurrent.ThreadPoolTaskExecutor - Shutting down ExecutorService 'applicationTaskExecutor'
2020-Jun-01 17:07:56 pm [RMI TCP Connection(36)-127.0.0.1] INFO  org.springframework.orm.jpa.LocalContainerEntityManagerFactoryBean - Closing JPA EntityManagerFactory for persistence unit 'default'
2020-Jun-01 17:07:56 pm [RMI TCP Connection(36)-127.0.0.1] INFO  com.zaxxer.hikari.HikariDataSource - HikariPool-1 - Shutdown initiated...
2020-Jun-01 17:07:56 pm [RMI TCP Connection(36)-127.0.0.1] INFO  com.zaxxer.hikari.HikariDataSource - HikariPool-1 - Shutdown completed.
2020-Jun-01 17:25:06 pm [main] INFO  com.portfolio.api.PortfolioApplication - Starting PortfolioApplication on DESKTOP-4PS6C6T with PID 13480 (E:\protfolio\portfolio-api\target\classes started by jsprt in E:\protfolio\portfolio-api)
2020-Jun-01 17:25:06 pm [main] INFO  com.portfolio.api.PortfolioApplication - No active profile set, falling back to default profiles: default
2020-Jun-01 17:25:07 pm [main] INFO  org.springframework.data.repository.config.RepositoryConfigurationDelegate - Bootstrapping Spring Data JPA repositories in DEFAULT mode.
2020-Jun-01 17:25:07 pm [main] INFO  org.springframework.data.repository.config.RepositoryConfigurationDelegate - Finished Spring Data repository scanning in 91ms. Found 6 JPA repository interfaces.
2020-Jun-01 17:25:08 pm [main] INFO  org.springframework.boot.web.embedded.tomcat.TomcatWebServer - Tomcat initialized with port(s): 8080 (http)
2020-Jun-01 17:25:08 pm [main] INFO  org.apache.coyote.http11.Http11NioProtocol - Initializing ProtocolHandler ["http-nio-8080"]
2020-Jun-01 17:25:08 pm [main] INFO  org.apache.catalina.core.StandardService - Starting service [Tomcat]
2020-Jun-01 17:25:08 pm [main] INFO  org.apache.catalina.core.StandardEngine - Starting Servlet engine: [Apache Tomcat/9.0.33]
2020-Jun-01 17:25:08 pm [main] INFO  org.apache.catalina.core.ContainerBase.[Tomcat].[localhost].[/] - Initializing Spring embedded WebApplicationContext
2020-Jun-01 17:25:08 pm [main] INFO  org.springframework.web.context.ContextLoader - Root WebApplicationContext: initialization completed in 2065 ms
2020-Jun-01 17:25:08 pm [main] INFO  com.zaxxer.hikari.HikariDataSource - HikariPool-1 - Starting...
2020-Jun-01 17:25:08 pm [main] INFO  com.zaxxer.hikari.HikariDataSource - HikariPool-1 - Start completed.
2020-Jun-01 17:25:08 pm [main] INFO  org.hibernate.jpa.internal.util.LogHelper - HHH000204: Processing PersistenceUnitInfo [name: default]
2020-Jun-01 17:25:08 pm [main] INFO  org.hibernate.Version - HHH000412: Hibernate ORM core version 5.4.12.Final
2020-Jun-01 17:25:08 pm [main] INFO  org.hibernate.annotations.common.Version - HCANN000001: Hibernate Commons Annotations {5.1.0.Final}
2020-Jun-01 17:25:08 pm [main] INFO  org.hibernate.dialect.Dialect - HHH000400: Using dialect: org.hibernate.dialect.MySQL55Dialect
2020-Jun-01 17:25:09 pm [main] INFO  org.hibernate.engine.transaction.jta.platform.internal.JtaPlatformInitiator - HHH000490: Using JtaPlatform implementation: [org.hibernate.engine.transaction.jta.platform.internal.NoJtaPlatform]
2020-Jun-01 17:25:09 pm [main] INFO  org.springframework.orm.jpa.LocalContainerEntityManagerFactoryBean - Initialized JPA EntityManagerFactory for persistence unit 'default'
2020-Jun-01 17:25:10 pm [main] WARN  org.springframework.boot.autoconfigure.orm.jpa.JpaBaseConfiguration$JpaWebConfiguration - spring.jpa.open-in-view is enabled by default. Therefore, database queries may be performed during view rendering. Explicitly configure spring.jpa.open-in-view to disable this warning
2020-Jun-01 17:25:10 pm [main] INFO  org.springframework.security.web.DefaultSecurityFilterChain - Creating filter chain: any request, [org.springframework.security.web.context.request.async.WebAsyncManagerIntegrationFilter@531bec12, org.springframework.security.web.context.SecurityContextPersistenceFilter@525b9df4, org.springframework.security.web.header.HeaderWriterFilter@7d563c13, org.springframework.web.filter.CorsFilter@24563809, org.springframework.security.web.authentication.logout.LogoutFilter@3370be55, com.portfolio.api.security.AuthenticationFilter@41d84abb, com.portfolio.api.security.AuthorizationFilter@54087bdb, org.springframework.security.web.savedrequest.RequestCacheAwareFilter@36857d32, org.springframework.security.web.servletapi.SecurityContextHolderAwareRequestFilter@5e72c82a, org.springframework.security.web.authentication.AnonymousAuthenticationFilter@587f6634, org.springframework.security.web.session.SessionManagementFilter@14fe085b, org.springframework.security.web.access.ExceptionTranslationFilter@31940d6b, org.springframework.security.web.access.intercept.FilterSecurityInterceptor@13e0f380]
2020-Jun-01 17:25:10 pm [main] INFO  org.springframework.scheduling.concurrent.ThreadPoolTaskExecutor - Initializing ExecutorService 'applicationTaskExecutor'
2020-Jun-01 17:25:10 pm [main] INFO  org.apache.coyote.http11.Http11NioProtocol - Starting ProtocolHandler ["http-nio-8080"]
2020-Jun-01 17:25:10 pm [main] INFO  org.springframework.boot.web.embedded.tomcat.TomcatWebServer - Tomcat started on port(s): 8080 (http) with context path ''
2020-Jun-01 17:25:10 pm [main] INFO  com.portfolio.api.PortfolioApplication - Started PortfolioApplication in 5.121 seconds (JVM running for 6.323)
2020-Jun-01 17:26:30 pm [http-nio-8080-exec-1] INFO  org.apache.catalina.core.ContainerBase.[Tomcat].[localhost].[/] - Initializing Spring DispatcherServlet 'dispatcherServlet'
2020-Jun-01 17:26:30 pm [http-nio-8080-exec-1] INFO  org.springframework.web.servlet.DispatcherServlet - Initializing Servlet 'dispatcherServlet'
2020-Jun-01 17:26:30 pm [http-nio-8080-exec-1] INFO  org.springframework.web.servlet.DispatcherServlet - Completed initialization in 24 ms
2020-Jun-01 17:44:50 pm [RMI TCP Connection(31)-127.0.0.1] INFO  org.springframework.boot.admin.SpringApplicationAdminMXBeanRegistrar$SpringApplicationAdmin - Application shutdown requested.
2020-Jun-01 17:44:50 pm [RMI TCP Connection(31)-127.0.0.1] INFO  org.springframework.scheduling.concurrent.ThreadPoolTaskExecutor - Shutting down ExecutorService 'applicationTaskExecutor'
2020-Jun-01 17:44:50 pm [RMI TCP Connection(31)-127.0.0.1] INFO  org.springframework.orm.jpa.LocalContainerEntityManagerFactoryBean - Closing JPA EntityManagerFactory for persistence unit 'default'
2020-Jun-01 17:44:50 pm [RMI TCP Connection(31)-127.0.0.1] INFO  com.zaxxer.hikari.HikariDataSource - HikariPool-1 - Shutdown initiated...
2020-Jun-01 17:44:50 pm [RMI TCP Connection(31)-127.0.0.1] INFO  com.zaxxer.hikari.HikariDataSource - HikariPool-1 - Shutdown completed.
2020-Jun-01 17:46:40 pm [main] INFO  com.portfolio.api.PortfolioApplication - Starting PortfolioApplication on DESKTOP-4PS6C6T with PID 9672 (E:\protfolio\portfolio-api\target\classes started by jsprt in E:\protfolio\portfolio-api)
2020-Jun-01 17:46:40 pm [main] INFO  com.portfolio.api.PortfolioApplication - No active profile set, falling back to default profiles: default
2020-Jun-01 17:46:40 pm [main] INFO  org.springframework.data.repository.config.RepositoryConfigurationDelegate - Bootstrapping Spring Data JPA repositories in DEFAULT mode.
2020-Jun-01 17:46:40 pm [main] INFO  org.springframework.data.repository.config.RepositoryConfigurationDelegate - Finished Spring Data repository scanning in 67ms. Found 6 JPA repository interfaces.
2020-Jun-01 17:46:41 pm [main] INFO  org.springframework.boot.web.embedded.tomcat.TomcatWebServer - Tomcat initialized with port(s): 8080 (http)
2020-Jun-01 17:46:41 pm [main] INFO  org.apache.coyote.http11.Http11NioProtocol - Initializing ProtocolHandler ["http-nio-8080"]
2020-Jun-01 17:46:41 pm [main] INFO  org.apache.catalina.core.StandardService - Starting service [Tomcat]
2020-Jun-01 17:46:41 pm [main] INFO  org.apache.catalina.core.StandardEngine - Starting Servlet engine: [Apache Tomcat/9.0.33]
2020-Jun-01 17:46:41 pm [main] INFO  org.apache.catalina.core.ContainerBase.[Tomcat].[localhost].[/] - Initializing Spring embedded WebApplicationContext
2020-Jun-01 17:46:41 pm [main] INFO  org.springframework.web.context.ContextLoader - Root WebApplicationContext: initialization completed in 1475 ms
2020-Jun-01 17:46:41 pm [main] INFO  com.zaxxer.hikari.HikariDataSource - HikariPool-1 - Starting...
2020-Jun-01 17:46:42 pm [main] INFO  com.zaxxer.hikari.HikariDataSource - HikariPool-1 - Start completed.
2020-Jun-01 17:46:42 pm [main] INFO  org.hibernate.jpa.internal.util.LogHelper - HHH000204: Processing PersistenceUnitInfo [name: default]
2020-Jun-01 17:46:42 pm [main] INFO  org.hibernate.Version - HHH000412: Hibernate ORM core version 5.4.12.Final
2020-Jun-01 17:46:42 pm [main] INFO  org.hibernate.annotations.common.Version - HCANN000001: Hibernate Commons Annotations {5.1.0.Final}
2020-Jun-01 17:46:42 pm [main] INFO  org.hibernate.dialect.Dialect - HHH000400: Using dialect: org.hibernate.dialect.MySQL55Dialect
2020-Jun-01 17:46:42 pm [main] INFO  org.hibernate.engine.transaction.jta.platform.internal.JtaPlatformInitiator - HHH000490: Using JtaPlatform implementation: [org.hibernate.engine.transaction.jta.platform.internal.NoJtaPlatform]
2020-Jun-01 17:46:42 pm [main] INFO  org.springframework.orm.jpa.LocalContainerEntityManagerFactoryBean - Initialized JPA EntityManagerFactory for persistence unit 'default'
2020-Jun-01 17:46:43 pm [main] WARN  org.springframework.boot.autoconfigure.orm.jpa.JpaBaseConfiguration$JpaWebConfiguration - spring.jpa.open-in-view is enabled by default. Therefore, database queries may be performed during view rendering. Explicitly configure spring.jpa.open-in-view to disable this warning
2020-Jun-01 17:46:43 pm [main] INFO  org.springframework.security.web.DefaultSecurityFilterChain - Creating filter chain: any request, [org.springframework.security.web.context.request.async.WebAsyncManagerIntegrationFilter@230d013b, org.springframework.security.web.context.SecurityContextPersistenceFilter@57f89680, org.springframework.security.web.header.HeaderWriterFilter@2ab39942, org.springframework.web.filter.CorsFilter@6e225c34, org.springframework.security.web.authentication.logout.LogoutFilter@6bfdaed7, com.portfolio.api.security.AuthenticationFilter@5d84b088, com.portfolio.api.security.AuthorizationFilter@69c0bae6, org.springframework.security.web.savedrequest.RequestCacheAwareFilter@5d202dc4, org.springframework.security.web.servletapi.SecurityContextHolderAwareRequestFilter@35f35c59, org.springframework.security.web.authentication.AnonymousAuthenticationFilter@220f6a3c, org.springframework.security.web.session.SessionManagementFilter@de40aa1, org.springframework.security.web.access.ExceptionTranslationFilter@49f41c2e, org.springframework.security.web.access.intercept.FilterSecurityInterceptor@73a1a1b4]
2020-Jun-01 17:46:43 pm [main] INFO  org.springframework.scheduling.concurrent.ThreadPoolTaskExecutor - Initializing ExecutorService 'applicationTaskExecutor'
2020-Jun-01 17:46:44 pm [main] INFO  org.apache.coyote.http11.Http11NioProtocol - Starting ProtocolHandler ["http-nio-8080"]
2020-Jun-01 17:46:44 pm [main] INFO  org.springframework.boot.web.embedded.tomcat.TomcatWebServer - Tomcat started on port(s): 8080 (http) with context path ''
2020-Jun-01 17:46:44 pm [main] INFO  com.portfolio.api.PortfolioApplication - Started PortfolioApplication in 4.262 seconds (JVM running for 5.242)
2020-Jun-01 17:46:58 pm [http-nio-8080-exec-1] INFO  org.apache.catalina.core.ContainerBase.[Tomcat].[localhost].[/] - Initializing Spring DispatcherServlet 'dispatcherServlet'
2020-Jun-01 17:46:58 pm [http-nio-8080-exec-1] INFO  org.springframework.web.servlet.DispatcherServlet - Initializing Servlet 'dispatcherServlet'
2020-Jun-01 17:46:58 pm [http-nio-8080-exec-1] INFO  org.springframework.web.servlet.DispatcherServlet - Completed initialization in 36 ms
2020-Jun-01 18:13:58 pm [RMI TCP Connection(40)-127.0.0.1] INFO  org.springframework.boot.admin.SpringApplicationAdminMXBeanRegistrar$SpringApplicationAdmin - Application shutdown requested.
2020-Jun-01 18:13:58 pm [RMI TCP Connection(40)-127.0.0.1] INFO  org.springframework.scheduling.concurrent.ThreadPoolTaskExecutor - Shutting down ExecutorService 'applicationTaskExecutor'
2020-Jun-01 18:13:58 pm [RMI TCP Connection(40)-127.0.0.1] INFO  org.springframework.orm.jpa.LocalContainerEntityManagerFactoryBean - Closing JPA EntityManagerFactory for persistence unit 'default'
2020-Jun-01 18:13:59 pm [RMI TCP Connection(40)-127.0.0.1] INFO  com.zaxxer.hikari.HikariDataSource - HikariPool-1 - Shutdown initiated...
2020-Jun-01 18:13:59 pm [RMI TCP Connection(40)-127.0.0.1] INFO  com.zaxxer.hikari.HikariDataSource - HikariPool-1 - Shutdown completed.
2020-Jun-01 18:28:29 pm [main] INFO  com.portfolio.api.PortfolioApplication - Starting PortfolioApplication on DESKTOP-4PS6C6T with PID 780 (E:\protfolio\portfolio-api\target\classes started by jsprt in E:\protfolio\portfolio-api)
2020-Jun-01 18:28:29 pm [main] INFO  com.portfolio.api.PortfolioApplication - No active profile set, falling back to default profiles: default
2020-Jun-01 18:28:30 pm [main] INFO  org.springframework.data.repository.config.RepositoryConfigurationDelegate - Bootstrapping Spring Data JPA repositories in DEFAULT mode.
2020-Jun-01 18:28:30 pm [main] INFO  org.springframework.data.repository.config.RepositoryConfigurationDelegate - Finished Spring Data repository scanning in 73ms. Found 6 JPA repository interfaces.
2020-Jun-01 18:28:31 pm [main] INFO  org.springframework.boot.web.embedded.tomcat.TomcatWebServer - Tomcat initialized with port(s): 8080 (http)
2020-Jun-01 18:28:31 pm [main] INFO  org.apache.coyote.http11.Http11NioProtocol - Initializing ProtocolHandler ["http-nio-8080"]
2020-Jun-01 18:28:31 pm [main] INFO  org.apache.catalina.core.StandardService - Starting service [Tomcat]
2020-Jun-01 18:28:31 pm [main] INFO  org.apache.catalina.core.StandardEngine - Starting Servlet engine: [Apache Tomcat/9.0.33]
2020-Jun-01 18:28:31 pm [main] INFO  org.apache.catalina.core.ContainerBase.[Tomcat].[localhost].[/] - Initializing Spring embedded WebApplicationContext
2020-Jun-01 18:28:31 pm [main] INFO  org.springframework.web.context.ContextLoader - Root WebApplicationContext: initialization completed in 1459 ms
2020-Jun-01 18:28:31 pm [main] INFO  com.zaxxer.hikari.HikariDataSource - HikariPool-1 - Starting...
2020-Jun-01 18:28:31 pm [main] INFO  com.zaxxer.hikari.HikariDataSource - HikariPool-1 - Start completed.
2020-Jun-01 18:28:31 pm [main] INFO  org.hibernate.jpa.internal.util.LogHelper - HHH000204: Processing PersistenceUnitInfo [name: default]
2020-Jun-01 18:28:31 pm [main] INFO  org.hibernate.Version - HHH000412: Hibernate ORM core version 5.4.12.Final
2020-Jun-01 18:28:31 pm [main] INFO  org.hibernate.annotations.common.Version - HCANN000001: Hibernate Commons Annotations {5.1.0.Final}
2020-Jun-01 18:28:31 pm [main] INFO  org.hibernate.dialect.Dialect - HHH000400: Using dialect: org.hibernate.dialect.MySQL55Dialect
2020-Jun-01 18:28:32 pm [main] INFO  org.hibernate.engine.transaction.jta.platform.internal.JtaPlatformInitiator - HHH000490: Using JtaPlatform implementation: [org.hibernate.engine.transaction.jta.platform.internal.NoJtaPlatform]
2020-Jun-01 18:28:32 pm [main] INFO  org.springframework.orm.jpa.LocalContainerEntityManagerFactoryBean - Initialized JPA EntityManagerFactory for persistence unit 'default'
2020-Jun-01 18:28:32 pm [main] WARN  org.springframework.boot.autoconfigure.orm.jpa.JpaBaseConfiguration$JpaWebConfiguration - spring.jpa.open-in-view is enabled by default. Therefore, database queries may be performed during view rendering. Explicitly configure spring.jpa.open-in-view to disable this warning
2020-Jun-01 18:28:33 pm [main] INFO  org.springframework.security.web.DefaultSecurityFilterChain - Creating filter chain: any request, [org.springframework.security.web.context.request.async.WebAsyncManagerIntegrationFilter@587f6634, org.springframework.security.web.context.SecurityContextPersistenceFilter@2ae88712, org.springframework.security.web.header.HeaderWriterFilter@525b9df4, org.springframework.web.filter.CorsFilter@4d7c9b42, org.springframework.security.web.authentication.logout.LogoutFilter@29fc83c5, com.portfolio.api.security.AuthenticationFilter@4ef28dc4, com.portfolio.api.security.AuthorizationFilter@59b3f162, org.springframework.security.web.savedrequest.RequestCacheAwareFilter@da11873, org.springframework.security.web.servletapi.SecurityContextHolderAwareRequestFilter@102c24d1, org.springframework.security.web.authentication.AnonymousAuthenticationFilter@7ade62a6, org.springframework.security.web.session.SessionManagementFilter@36857d32, org.springframework.security.web.access.ExceptionTranslationFilter@14fe085b, org.springframework.security.web.access.intercept.FilterSecurityInterceptor@38ad86b1]
2020-Jun-01 18:28:33 pm [main] INFO  org.springframework.scheduling.concurrent.ThreadPoolTaskExecutor - Initializing ExecutorService 'applicationTaskExecutor'
2020-Jun-01 18:28:33 pm [main] INFO  org.apache.coyote.http11.Http11NioProtocol - Starting ProtocolHandler ["http-nio-8080"]
2020-Jun-01 18:28:33 pm [main] INFO  org.springframework.boot.web.embedded.tomcat.TomcatWebServer - Tomcat started on port(s): 8080 (http) with context path ''
2020-Jun-01 18:28:33 pm [main] INFO  com.portfolio.api.PortfolioApplication - Started PortfolioApplication in 4.248 seconds (JVM running for 5.226)
2020-Jun-01 18:28:45 pm [http-nio-8080-exec-1] INFO  org.apache.catalina.core.ContainerBase.[Tomcat].[localhost].[/] - Initializing Spring DispatcherServlet 'dispatcherServlet'
2020-Jun-01 18:28:45 pm [http-nio-8080-exec-1] INFO  org.springframework.web.servlet.DispatcherServlet - Initializing Servlet 'dispatcherServlet'
2020-Jun-01 18:28:45 pm [http-nio-8080-exec-1] INFO  org.springframework.web.servlet.DispatcherServlet - Completed initialization in 14 ms
2020-Jun-01 18:41:45 pm [HikariPool-1 housekeeper] WARN  com.zaxxer.hikari.pool.HikariPool - HikariPool-1 - Thread starvation or clock leap detected (housekeeper delta=7m43s799ms295s200ns).
2020-Jun-01 18:44:24 pm [RMI TCP Connection(18)-127.0.0.1] INFO  org.springframework.boot.admin.SpringApplicationAdminMXBeanRegistrar$SpringApplicationAdmin - Application shutdown requested.
2020-Jun-01 18:44:24 pm [RMI TCP Connection(18)-127.0.0.1] INFO  org.springframework.scheduling.concurrent.ThreadPoolTaskExecutor - Shutting down ExecutorService 'applicationTaskExecutor'
2020-Jun-01 18:44:24 pm [RMI TCP Connection(18)-127.0.0.1] INFO  org.springframework.orm.jpa.LocalContainerEntityManagerFactoryBean - Closing JPA EntityManagerFactory for persistence unit 'default'
2020-Jun-01 18:44:24 pm [RMI TCP Connection(18)-127.0.0.1] INFO  com.zaxxer.hikari.HikariDataSource - HikariPool-1 - Shutdown initiated...
2020-Jun-01 18:44:24 pm [RMI TCP Connection(18)-127.0.0.1] INFO  com.zaxxer.hikari.HikariDataSource - HikariPool-1 - Shutdown completed.
2020-Jun-18 13:20:53 pm [main] INFO  com.portfolio.api.PortfolioApplication - Starting PortfolioApplication on DESKTOP-4PS6C6T with PID 6764 (E:\protfolio\portfolio-api\target\classes started by jsprt in E:\protfolio\portfolio-api)
2020-Jun-18 13:20:53 pm [main] INFO  com.portfolio.api.PortfolioApplication - No active profile set, falling back to default profiles: default
2020-Jun-18 13:20:57 pm [main] INFO  org.springframework.data.repository.config.RepositoryConfigurationDelegate - Bootstrapping Spring Data JPA repositories in DEFAULT mode.
2020-Jun-18 13:20:57 pm [main] INFO  org.springframework.data.repository.config.RepositoryConfigurationDelegate - Finished Spring Data repository scanning in 132ms. Found 6 JPA repository interfaces.
2020-Jun-18 13:20:59 pm [main] INFO  org.springframework.boot.web.embedded.tomcat.TomcatWebServer - Tomcat initialized with port(s): 8080 (http)
2020-Jun-18 13:20:59 pm [main] INFO  org.apache.coyote.http11.Http11NioProtocol - Initializing ProtocolHandler ["http-nio-8080"]
2020-Jun-18 13:20:59 pm [main] INFO  org.apache.catalina.core.StandardService - Starting service [Tomcat]
2020-Jun-18 13:20:59 pm [main] INFO  org.apache.catalina.core.StandardEngine - Starting Servlet engine: [Apache Tomcat/9.0.33]
2020-Jun-18 13:20:59 pm [main] INFO  org.apache.catalina.core.ContainerBase.[Tomcat].[localhost].[/] - Initializing Spring embedded WebApplicationContext
2020-Jun-18 13:20:59 pm [main] INFO  org.springframework.web.context.ContextLoader - Root WebApplicationContext: initialization completed in 5252 ms
2020-Jun-18 13:20:59 pm [main] INFO  com.zaxxer.hikari.HikariDataSource - HikariPool-1 - Starting...
2020-Jun-18 13:21:00 pm [main] INFO  com.zaxxer.hikari.HikariDataSource - HikariPool-1 - Start completed.
2020-Jun-18 13:21:00 pm [main] INFO  org.hibernate.jpa.internal.util.LogHelper - HHH000204: Processing PersistenceUnitInfo [name: default]
2020-Jun-18 13:21:00 pm [main] INFO  org.hibernate.Version - HHH000412: Hibernate ORM core version 5.4.12.Final
2020-Jun-18 13:21:01 pm [main] INFO  org.hibernate.annotations.common.Version - HCANN000001: Hibernate Commons Annotations {5.1.0.Final}
2020-Jun-18 13:21:01 pm [main] INFO  org.hibernate.dialect.Dialect - HHH000400: Using dialect: org.hibernate.dialect.MySQL55Dialect
2020-Jun-18 13:21:02 pm [main] INFO  org.hibernate.engine.transaction.jta.platform.internal.JtaPlatformInitiator - HHH000490: Using JtaPlatform implementation: [org.hibernate.engine.transaction.jta.platform.internal.NoJtaPlatform]
2020-Jun-18 13:21:02 pm [main] INFO  org.springframework.orm.jpa.LocalContainerEntityManagerFactoryBean - Initialized JPA EntityManagerFactory for persistence unit 'default'
2020-Jun-18 13:21:03 pm [main] WARN  org.springframework.boot.autoconfigure.orm.jpa.JpaBaseConfiguration$JpaWebConfiguration - spring.jpa.open-in-view is enabled by default. Therefore, database queries may be performed during view rendering. Explicitly configure spring.jpa.open-in-view to disable this warning
2020-Jun-18 13:21:03 pm [main] INFO  org.springframework.security.web.DefaultSecurityFilterChain - Creating filter chain: any request, [org.springframework.security.web.context.request.async.WebAsyncManagerIntegrationFilter@4f5c757c, org.springframework.security.web.context.SecurityContextPersistenceFilter@2fc435e9, org.springframework.security.web.header.HeaderWriterFilter@2dfd157b, org.springframework.web.filter.CorsFilter@52fec840, org.springframework.security.web.authentication.logout.LogoutFilter@627d5f1, com.portfolio.api.security.AuthenticationFilter@7fd4b9ec, com.portfolio.api.security.AuthorizationFilter@10553a61, org.springframework.security.web.savedrequest.RequestCacheAwareFilter@5da2966, org.springframework.security.web.servletapi.SecurityContextHolderAwareRequestFilter@57a0c261, org.springframework.security.web.authentication.AnonymousAuthenticationFilter@3c8e4a82, org.springframework.security.web.session.SessionManagementFilter@46290193, org.springframework.security.web.access.ExceptionTranslationFilter@7d2be319, org.springframework.security.web.access.intercept.FilterSecurityInterceptor@720c0996]
2020-Jun-18 13:21:04 pm [main] INFO  org.springframework.scheduling.concurrent.ThreadPoolTaskExecutor - Initializing ExecutorService 'applicationTaskExecutor'
2020-Jun-18 13:21:04 pm [main] INFO  org.apache.coyote.http11.Http11NioProtocol - Starting ProtocolHandler ["http-nio-8080"]
2020-Jun-18 13:21:04 pm [main] INFO  org.springframework.boot.web.embedded.tomcat.TomcatWebServer - Tomcat started on port(s): 8080 (http) with context path ''
2020-Jun-18 13:21:04 pm [main] INFO  com.portfolio.api.PortfolioApplication - Started PortfolioApplication in 11.696 seconds (JVM running for 14.19)
2020-Jun-18 13:27:56 pm [http-nio-8080-exec-1] INFO  org.apache.catalina.core.ContainerBase.[Tomcat].[localhost].[/] - Initializing Spring DispatcherServlet 'dispatcherServlet'
2020-Jun-18 13:27:56 pm [http-nio-8080-exec-1] INFO  org.springframework.web.servlet.DispatcherServlet - Initializing Servlet 'dispatcherServlet'
2020-Jun-18 13:27:56 pm [http-nio-8080-exec-1] INFO  org.springframework.web.servlet.DispatcherServlet - Completed initialization in 30 ms
2020-Jun-18 13:28:37 pm [RMI TCP Connection(20)-127.0.0.1] INFO  org.springframework.boot.admin.SpringApplicationAdminMXBeanRegistrar$SpringApplicationAdmin - Application shutdown requested.
2020-Jun-18 13:28:37 pm [RMI TCP Connection(20)-127.0.0.1] INFO  org.springframework.scheduling.concurrent.ThreadPoolTaskExecutor - Shutting down ExecutorService 'applicationTaskExecutor'
2020-Jun-18 13:28:37 pm [RMI TCP Connection(20)-127.0.0.1] INFO  org.springframework.orm.jpa.LocalContainerEntityManagerFactoryBean - Closing JPA EntityManagerFactory for persistence unit 'default'
2020-Jun-18 13:28:37 pm [RMI TCP Connection(20)-127.0.0.1] INFO  com.zaxxer.hikari.HikariDataSource - HikariPool-1 - Shutdown initiated...
2020-Jun-18 13:28:37 pm [RMI TCP Connection(20)-127.0.0.1] INFO  com.zaxxer.hikari.HikariDataSource - HikariPool-1 - Shutdown completed.
2020-Jun-18 13:34:11 pm [main] INFO  com.portfolio.api.PortfolioApplication - Starting PortfolioApplication on DESKTOP-4PS6C6T with PID 13356 (E:\protfolio\portfolio-api\target\classes started by jsprt in E:\protfolio\portfolio-api)
2020-Jun-18 13:34:11 pm [main] INFO  com.portfolio.api.PortfolioApplication - No active profile set, falling back to default profiles: default
2020-Jun-18 13:34:12 pm [main] INFO  org.springframework.data.repository.config.RepositoryConfigurationDelegate - Bootstrapping Spring Data JPA repositories in DEFAULT mode.
2020-Jun-18 13:34:12 pm [main] INFO  org.springframework.data.repository.config.RepositoryConfigurationDelegate - Finished Spring Data repository scanning in 74ms. Found 6 JPA repository interfaces.
2020-Jun-18 13:34:13 pm [main] INFO  org.springframework.boot.web.embedded.tomcat.TomcatWebServer - Tomcat initialized with port(s): 8080 (http)
2020-Jun-18 13:34:13 pm [main] INFO  org.apache.coyote.http11.Http11NioProtocol - Initializing ProtocolHandler ["http-nio-8080"]
2020-Jun-18 13:34:13 pm [main] INFO  org.apache.catalina.core.StandardService - Starting service [Tomcat]
2020-Jun-18 13:34:13 pm [main] INFO  org.apache.catalina.core.StandardEngine - Starting Servlet engine: [Apache Tomcat/9.0.33]
2020-Jun-18 13:34:13 pm [main] INFO  org.apache.catalina.core.ContainerBase.[Tomcat].[localhost].[/] - Initializing Spring embedded WebApplicationContext
2020-Jun-18 13:34:13 pm [main] INFO  org.springframework.web.context.ContextLoader - Root WebApplicationContext: initialization completed in 1465 ms
2020-Jun-18 13:34:13 pm [main] INFO  com.zaxxer.hikari.HikariDataSource - HikariPool-1 - Starting...
2020-Jun-18 13:34:13 pm [main] INFO  com.zaxxer.hikari.HikariDataSource - HikariPool-1 - Start completed.
2020-Jun-18 13:34:13 pm [main] INFO  org.hibernate.jpa.internal.util.LogHelper - HHH000204: Processing PersistenceUnitInfo [name: default]
2020-Jun-18 13:34:13 pm [main] INFO  org.hibernate.Version - HHH000412: Hibernate ORM core version 5.4.12.Final
2020-Jun-18 13:34:13 pm [main] INFO  org.hibernate.annotations.common.Version - HCANN000001: Hibernate Commons Annotations {5.1.0.Final}
2020-Jun-18 13:34:13 pm [main] INFO  org.hibernate.dialect.Dialect - HHH000400: Using dialect: org.hibernate.dialect.MySQL55Dialect
2020-Jun-18 13:34:14 pm [main] INFO  org.hibernate.engine.transaction.jta.platform.internal.JtaPlatformInitiator - HHH000490: Using JtaPlatform implementation: [org.hibernate.engine.transaction.jta.platform.internal.NoJtaPlatform]
2020-Jun-18 13:34:14 pm [main] INFO  org.springframework.orm.jpa.LocalContainerEntityManagerFactoryBean - Initialized JPA EntityManagerFactory for persistence unit 'default'
2020-Jun-18 13:34:15 pm [main] WARN  org.springframework.boot.autoconfigure.orm.jpa.JpaBaseConfiguration$JpaWebConfiguration - spring.jpa.open-in-view is enabled by default. Therefore, database queries may be performed during view rendering. Explicitly configure spring.jpa.open-in-view to disable this warning
2020-Jun-18 13:34:15 pm [main] INFO  org.springframework.security.web.DefaultSecurityFilterChain - Creating filter chain: any request, [org.springframework.security.web.context.request.async.WebAsyncManagerIntegrationFilter@5703c1fb, org.springframework.security.web.context.SecurityContextPersistenceFilter@2245ccaa, org.springframework.security.web.header.HeaderWriterFilter@641e67fa, org.springframework.web.filter.CorsFilter@7d2be319, org.springframework.security.web.authentication.logout.LogoutFilter@411933, com.portfolio.api.security.AuthenticationFilter@35d3202b, com.portfolio.api.security.AuthorizationFilter@2dfd157b, org.springframework.security.web.savedrequest.RequestCacheAwareFilter@6f36e806, org.springframework.security.web.servletapi.SecurityContextHolderAwareRequestFilter@642614b7, org.springframework.security.web.authentication.AnonymousAuthenticationFilter@64381526, org.springframework.security.web.session.SessionManagementFilter@6cb43fd3, org.springframework.security.web.access.ExceptionTranslationFilter@29174dfe, org.springframework.security.web.access.intercept.FilterSecurityInterceptor@5eb041b5]
2020-Jun-18 13:34:15 pm [main] INFO  org.springframework.scheduling.concurrent.ThreadPoolTaskExecutor - Initializing ExecutorService 'applicationTaskExecutor'
2020-Jun-18 13:34:15 pm [main] INFO  org.apache.coyote.http11.Http11NioProtocol - Starting ProtocolHandler ["http-nio-8080"]
2020-Jun-18 13:34:15 pm [main] INFO  org.springframework.boot.web.embedded.tomcat.TomcatWebServer - Tomcat started on port(s): 8080 (http) with context path ''
2020-Jun-18 13:34:15 pm [main] INFO  com.portfolio.api.PortfolioApplication - Started PortfolioApplication in 4.514 seconds (JVM running for 5.707)
2020-Jun-18 13:34:19 pm [http-nio-8080-exec-1] INFO  org.apache.catalina.core.ContainerBase.[Tomcat].[localhost].[/] - Initializing Spring DispatcherServlet 'dispatcherServlet'
2020-Jun-18 13:34:19 pm [http-nio-8080-exec-1] INFO  org.springframework.web.servlet.DispatcherServlet - Initializing Servlet 'dispatcherServlet'
2020-Jun-18 13:34:19 pm [http-nio-8080-exec-1] INFO  org.springframework.web.servlet.DispatcherServlet - Completed initialization in 14 ms
2020-Jun-18 13:36:29 pm [RMI TCP Connection(13)-127.0.0.1] INFO  org.springframework.boot.admin.SpringApplicationAdminMXBeanRegistrar$SpringApplicationAdmin - Application shutdown requested.
2020-Jun-18 13:36:29 pm [RMI TCP Connection(13)-127.0.0.1] INFO  org.springframework.scheduling.concurrent.ThreadPoolTaskExecutor - Shutting down ExecutorService 'applicationTaskExecutor'
2020-Jun-18 13:36:29 pm [RMI TCP Connection(13)-127.0.0.1] INFO  org.springframework.orm.jpa.LocalContainerEntityManagerFactoryBean - Closing JPA EntityManagerFactory for persistence unit 'default'
2020-Jun-18 13:36:29 pm [RMI TCP Connection(13)-127.0.0.1] INFO  com.zaxxer.hikari.HikariDataSource - HikariPool-1 - Shutdown initiated...
2020-Jun-18 13:36:29 pm [RMI TCP Connection(13)-127.0.0.1] INFO  com.zaxxer.hikari.HikariDataSource - HikariPool-1 - Shutdown completed.
2020-Jun-18 13:36:34 pm [main] INFO  com.portfolio.api.PortfolioApplication - Starting PortfolioApplication on DESKTOP-4PS6C6T with PID 11764 (E:\protfolio\portfolio-api\target\classes started by jsprt in E:\protfolio\portfolio-api)
2020-Jun-18 13:36:34 pm [main] INFO  com.portfolio.api.PortfolioApplication - No active profile set, falling back to default profiles: default
2020-Jun-18 13:36:34 pm [main] INFO  org.springframework.data.repository.config.RepositoryConfigurationDelegate - Bootstrapping Spring Data JPA repositories in DEFAULT mode.
2020-Jun-18 13:36:34 pm [main] INFO  org.springframework.data.repository.config.RepositoryConfigurationDelegate - Finished Spring Data repository scanning in 68ms. Found 6 JPA repository interfaces.
2020-Jun-18 13:36:35 pm [main] INFO  org.springframework.boot.web.embedded.tomcat.TomcatWebServer - Tomcat initialized with port(s): 8080 (http)
2020-Jun-18 13:36:35 pm [main] INFO  org.apache.coyote.http11.Http11NioProtocol - Initializing ProtocolHandler ["http-nio-8080"]
2020-Jun-18 13:36:35 pm [main] INFO  org.apache.catalina.core.StandardService - Starting service [Tomcat]
2020-Jun-18 13:36:35 pm [main] INFO  org.apache.catalina.core.StandardEngine - Starting Servlet engine: [Apache Tomcat/9.0.33]
2020-Jun-18 13:36:35 pm [main] INFO  org.apache.catalina.core.ContainerBase.[Tomcat].[localhost].[/] - Initializing Spring embedded WebApplicationContext
2020-Jun-18 13:36:35 pm [main] INFO  org.springframework.web.context.ContextLoader - Root WebApplicationContext: initialization completed in 1476 ms
2020-Jun-18 13:36:35 pm [main] INFO  com.zaxxer.hikari.HikariDataSource - HikariPool-1 - Starting...
2020-Jun-18 13:36:35 pm [main] INFO  com.zaxxer.hikari.HikariDataSource - HikariPool-1 - Start completed.
2020-Jun-18 13:36:35 pm [main] INFO  org.hibernate.jpa.internal.util.LogHelper - HHH000204: Processing PersistenceUnitInfo [name: default]
2020-Jun-18 13:36:36 pm [main] INFO  org.hibernate.Version - HHH000412: Hibernate ORM core version 5.4.12.Final
2020-Jun-18 13:36:36 pm [main] INFO  org.hibernate.annotations.common.Version - HCANN000001: Hibernate Commons Annotations {5.1.0.Final}
2020-Jun-18 13:36:36 pm [main] INFO  org.hibernate.dialect.Dialect - HHH000400: Using dialect: org.hibernate.dialect.MySQL55Dialect
2020-Jun-18 13:36:36 pm [main] INFO  org.hibernate.engine.transaction.jta.platform.internal.JtaPlatformInitiator - HHH000490: Using JtaPlatform implementation: [org.hibernate.engine.transaction.jta.platform.internal.NoJtaPlatform]
2020-Jun-18 13:36:37 pm [main] INFO  org.springframework.orm.jpa.LocalContainerEntityManagerFactoryBean - Initialized JPA EntityManagerFactory for persistence unit 'default'
2020-Jun-18 13:36:37 pm [main] WARN  org.springframework.boot.autoconfigure.orm.jpa.JpaBaseConfiguration$JpaWebConfiguration - spring.jpa.open-in-view is enabled by default. Therefore, database queries may be performed during view rendering. Explicitly configure spring.jpa.open-in-view to disable this warning
2020-Jun-18 13:36:37 pm [main] INFO  org.springframework.security.web.DefaultSecurityFilterChain - Creating filter chain: any request, [org.springframework.security.web.context.request.async.WebAsyncManagerIntegrationFilter@7792e14f, org.springframework.security.web.context.SecurityContextPersistenceFilter@a6204e4, org.springframework.security.web.header.HeaderWriterFilter@673605ef, org.springframework.web.filter.CorsFilter@4eace42b, org.springframework.security.web.authentication.logout.LogoutFilter@43b2e7db, com.portfolio.api.security.AuthenticationFilter@6f87a7c7, com.portfolio.api.security.AuthorizationFilter@857f1a7, org.springframework.security.web.savedrequest.RequestCacheAwareFilter@4b360a82, org.springframework.security.web.servletapi.SecurityContextHolderAwareRequestFilter@62e586a6, org.springframework.security.web.authentication.AnonymousAuthenticationFilter@682fe17b, org.springframework.security.web.session.SessionManagementFilter@6c1a6db1, org.springframework.security.web.access.ExceptionTranslationFilter@6054ac20, org.springframework.security.web.access.intercept.FilterSecurityInterceptor@558aa1f1]
2020-Jun-18 13:36:38 pm [main] INFO  org.springframework.scheduling.concurrent.ThreadPoolTaskExecutor - Initializing ExecutorService 'applicationTaskExecutor'
2020-Jun-18 13:36:38 pm [main] INFO  org.apache.coyote.http11.Http11NioProtocol - Starting ProtocolHandler ["http-nio-8080"]
2020-Jun-18 13:36:38 pm [main] INFO  org.springframework.boot.web.embedded.tomcat.TomcatWebServer - Tomcat started on port(s): 8080 (http) with context path ''
2020-Jun-18 13:36:38 pm [main] INFO  com.portfolio.api.PortfolioApplication - Started PortfolioApplication in 4.878 seconds (JVM running for 5.869)
2020-Jun-18 13:37:06 pm [http-nio-8080-exec-1] INFO  org.apache.catalina.core.ContainerBase.[Tomcat].[localhost].[/] - Initializing Spring DispatcherServlet 'dispatcherServlet'
2020-Jun-18 13:37:06 pm [http-nio-8080-exec-1] INFO  org.springframework.web.servlet.DispatcherServlet - Initializing Servlet 'dispatcherServlet'
2020-Jun-18 13:37:06 pm [http-nio-8080-exec-1] INFO  org.springframework.web.servlet.DispatcherServlet - Completed initialization in 18 ms
2020-Jun-18 14:19:05 pm [RMI TCP Connection(52)-127.0.0.1] INFO  org.springframework.boot.admin.SpringApplicationAdminMXBeanRegistrar$SpringApplicationAdmin - Application shutdown requested.
2020-Jun-18 14:19:05 pm [RMI TCP Connection(52)-127.0.0.1] INFO  org.springframework.scheduling.concurrent.ThreadPoolTaskExecutor - Shutting down ExecutorService 'applicationTaskExecutor'
2020-Jun-18 14:19:05 pm [RMI TCP Connection(52)-127.0.0.1] INFO  org.springframework.orm.jpa.LocalContainerEntityManagerFactoryBean - Closing JPA EntityManagerFactory for persistence unit 'default'
2020-Jun-18 14:19:05 pm [RMI TCP Connection(52)-127.0.0.1] INFO  com.zaxxer.hikari.HikariDataSource - HikariPool-1 - Shutdown initiated...
2020-Jun-18 14:19:05 pm [RMI TCP Connection(52)-127.0.0.1] INFO  com.zaxxer.hikari.HikariDataSource - HikariPool-1 - Shutdown completed.
2020-Jun-18 14:19:10 pm [main] INFO  com.portfolio.api.PortfolioApplication - Starting PortfolioApplication on DESKTOP-4PS6C6T with PID 11336 (E:\protfolio\portfolio-api\target\classes started by jsprt in E:\protfolio\portfolio-api)
2020-Jun-18 14:19:10 pm [main] INFO  com.portfolio.api.PortfolioApplication - No active profile set, falling back to default profiles: default
2020-Jun-18 14:19:10 pm [main] INFO  org.springframework.data.repository.config.RepositoryConfigurationDelegate - Bootstrapping Spring Data JPA repositories in DEFAULT mode.
2020-Jun-18 14:19:11 pm [main] INFO  org.springframework.data.repository.config.RepositoryConfigurationDelegate - Finished Spring Data repository scanning in 70ms. Found 6 JPA repository interfaces.
2020-Jun-18 14:19:11 pm [main] INFO  org.springframework.boot.web.embedded.tomcat.TomcatWebServer - Tomcat initialized with port(s): 8080 (http)
2020-Jun-18 14:19:11 pm [main] INFO  org.apache.coyote.http11.Http11NioProtocol - Initializing ProtocolHandler ["http-nio-8080"]
2020-Jun-18 14:19:11 pm [main] INFO  org.apache.catalina.core.StandardService - Starting service [Tomcat]
2020-Jun-18 14:19:11 pm [main] INFO  org.apache.catalina.core.StandardEngine - Starting Servlet engine: [Apache Tomcat/9.0.33]
2020-Jun-18 14:19:11 pm [main] INFO  org.apache.catalina.core.ContainerBase.[Tomcat].[localhost].[/] - Initializing Spring embedded WebApplicationContext
2020-Jun-18 14:19:11 pm [main] INFO  org.springframework.web.context.ContextLoader - Root WebApplicationContext: initialization completed in 1578 ms
2020-Jun-18 14:19:11 pm [main] INFO  com.zaxxer.hikari.HikariDataSource - HikariPool-1 - Starting...
2020-Jun-18 14:19:12 pm [main] INFO  com.zaxxer.hikari.HikariDataSource - HikariPool-1 - Start completed.
2020-Jun-18 14:19:12 pm [main] INFO  org.hibernate.jpa.internal.util.LogHelper - HHH000204: Processing PersistenceUnitInfo [name: default]
2020-Jun-18 14:19:12 pm [main] INFO  org.hibernate.Version - HHH000412: Hibernate ORM core version 5.4.12.Final
2020-Jun-18 14:19:12 pm [main] INFO  org.hibernate.annotations.common.Version - HCANN000001: Hibernate Commons Annotations {5.1.0.Final}
2020-Jun-18 14:19:12 pm [main] INFO  org.hibernate.dialect.Dialect - HHH000400: Using dialect: org.hibernate.dialect.MySQL55Dialect
2020-Jun-18 14:19:13 pm [main] INFO  org.hibernate.engine.transaction.jta.platform.internal.JtaPlatformInitiator - HHH000490: Using JtaPlatform implementation: [org.hibernate.engine.transaction.jta.platform.internal.NoJtaPlatform]
2020-Jun-18 14:19:13 pm [main] INFO  org.springframework.orm.jpa.LocalContainerEntityManagerFactoryBean - Initialized JPA EntityManagerFactory for persistence unit 'default'
2020-Jun-18 14:19:13 pm [main] WARN  org.springframework.boot.autoconfigure.orm.jpa.JpaBaseConfiguration$JpaWebConfiguration - spring.jpa.open-in-view is enabled by default. Therefore, database queries may be performed during view rendering. Explicitly configure spring.jpa.open-in-view to disable this warning
2020-Jun-18 14:19:13 pm [main] INFO  org.springframework.security.web.DefaultSecurityFilterChain - Creating filter chain: any request, [org.springframework.security.web.context.request.async.WebAsyncManagerIntegrationFilter@20a25f66, org.springframework.security.web.context.SecurityContextPersistenceFilter@28b68067, org.springframework.security.web.header.HeaderWriterFilter@339cde4b, org.springframework.web.filter.CorsFilter@488279d3, org.springframework.security.web.authentication.logout.LogoutFilter@45017263, com.portfolio.api.security.AuthenticationFilter@27575bcd, com.portfolio.api.security.AuthorizationFilter@21ed4a51, org.springframework.security.web.savedrequest.RequestCacheAwareFilter@acb1c9c, org.springframework.security.web.servletapi.SecurityContextHolderAwareRequestFilter@b5d7233, org.springframework.security.web.authentication.AnonymousAuthenticationFilter@13866865, org.springframework.security.web.session.SessionManagementFilter@f0381f0, org.springframework.security.web.access.ExceptionTranslationFilter@70ad0854, org.springframework.security.web.access.intercept.FilterSecurityInterceptor@70cac22a]
2020-Jun-18 14:19:14 pm [main] INFO  org.springframework.scheduling.concurrent.ThreadPoolTaskExecutor - Initializing ExecutorService 'applicationTaskExecutor'
2020-Jun-18 14:19:14 pm [main] INFO  org.apache.coyote.http11.Http11NioProtocol - Starting ProtocolHandler ["http-nio-8080"]
2020-Jun-18 14:19:14 pm [main] INFO  org.springframework.boot.web.embedded.tomcat.TomcatWebServer - Tomcat started on port(s): 8080 (http) with context path ''
2020-Jun-18 14:19:14 pm [main] INFO  com.portfolio.api.PortfolioApplication - Started PortfolioApplication in 4.655 seconds (JVM running for 5.611)
2020-Jun-18 14:19:17 pm [http-nio-8080-exec-1] INFO  org.apache.catalina.core.ContainerBase.[Tomcat].[localhost].[/] - Initializing Spring DispatcherServlet 'dispatcherServlet'
2020-Jun-18 14:19:17 pm [http-nio-8080-exec-1] INFO  org.springframework.web.servlet.DispatcherServlet - Initializing Servlet 'dispatcherServlet'
2020-Jun-18 14:19:17 pm [http-nio-8080-exec-1] INFO  org.springframework.web.servlet.DispatcherServlet - Completed initialization in 22 ms
2020-Jun-18 14:23:10 pm [http-nio-8080-exec-9] ERROR com.portfolio.api.utility.LogingUtility - org.springframework.web.server.ResponseStatusException: 400 BAD_REQUEST
2020-Jun-18 14:23:14 pm [http-nio-8080-exec-3] ERROR com.portfolio.api.utility.LogingUtility - org.springframework.web.server.ResponseStatusException: 400 BAD_REQUEST
2020-Jun-18 14:23:19 pm [http-nio-8080-exec-10] ERROR com.portfolio.api.utility.LogingUtility - org.springframework.web.server.ResponseStatusException: 400 BAD_REQUEST
2020-Jun-18 14:24:26 pm [http-nio-8080-exec-7] ERROR com.portfolio.api.utility.LogingUtility - org.springframework.web.server.ResponseStatusException: 400 BAD_REQUEST
2020-Jun-18 14:52:26 pm [HikariPool-1 housekeeper] WARN  com.zaxxer.hikari.pool.HikariPool - HikariPool-1 - Thread starvation or clock leap detected (housekeeper delta=24m13s931ms899s900ns).
2020-Jun-18 15:48:48 pm [HikariPool-1 housekeeper] WARN  com.zaxxer.hikari.pool.HikariPool - HikariPool-1 - Thread starvation or clock leap detected (housekeeper delta=9m52s145ms981s500ns).
